[0m17:23:22.205098 [debug] [MainThread]: Sending event: {'category': 'dbt', 'action': 'invocation', 'label': 'start', 'context': [<snowplow_tracker.self_describing_json.SelfDescribingJson object at 0x1059c59d0>, <snowplow_tracker.self_describing_json.SelfDescribingJson object at 0x106020810>, <snowplow_tracker.self_describing_json.SelfDescribingJson object at 0x1060226d0>]}


============================== 17:23:22.207983 | ba1f59b9-eaf2-4ebb-acef-4e2bf7407b88 ==============================
[0m17:23:22.207983 [info ] [MainThread]: Running with dbt=1.7.4
[0m17:23:22.208337 [debug] [MainThread]: running dbt with arguments {'printer_width': '80', 'indirect_selection': 'eager', 'log_cache_events': 'False', 'write_json': 'True', 'partial_parse': 'True', 'cache_selected_only': 'False', 'profiles_dir': '../', 'fail_fast': 'False', 'version_check': 'True', 'log_path': 'models/staging/logs', 'debug': 'False', 'warn_error': 'None', 'use_colors': 'True', 'use_experimental_parser': 'False', 'no_print': 'None', 'quiet': 'False', 'log_format': 'default', 'introspect': 'True', 'static_parser': 'True', 'warn_error_options': 'WarnErrorOptions(include=[], exclude=[])', 'target_path': '../../.cleanup', 'invocation_command': 'dbt run --target staging --profiles-dir ../ --project-dir ./models/staging --target-path ../../.cleanup --full-refresh', 'send_anonymous_usage_stats': 'True'}
[0m17:23:24.752351 [debug] [MainThread]: Sending event: {'category': 'dbt', 'action': 'project_id', 'label': 'ba1f59b9-eaf2-4ebb-acef-4e2bf7407b88', 'context': [<snowplow_tracker.self_describing_json.SelfDescribingJson object at 0x11e776050>]}
[0m17:23:24.791822 [debug] [MainThread]: Sending event: {'category': 'dbt', 'action': 'adapter_info', 'label': 'ba1f59b9-eaf2-4ebb-acef-4e2bf7407b88', 'context': [<snowplow_tracker.self_describing_json.SelfDescribingJson object at 0x11e7f8810>]}
[0m17:23:24.792432 [info ] [MainThread]: Registered adapter: bigquery=1.7.2
[0m17:23:24.803840 [debug] [MainThread]: checksum: cac6c4946143967e4d1737bc63125eeb680e459a59d7a0b7772fc3105bc84a2f, vars: {}, profile: , target: staging, version: 1.7.4
[0m17:23:24.810469 [info ] [MainThread]: Unable to do partial parsing because config vars, config profile, or config target have changed
[0m17:23:24.810754 [debug] [MainThread]: previous checksum: cac6c4946143967e4d1737bc63125eeb680e459a59d7a0b7772fc3105bc84a2f, current checksum: c855114335c83856c4648345f5a0f7e9b00857e7d34bb530f17e3e2b79eca44d
[0m17:23:24.810925 [info ] [MainThread]: Unable to do partial parsing because a project config has changed
[0m17:23:24.811112 [debug] [MainThread]: Sending event: {'category': 'dbt', 'action': 'partial_parser', 'label': 'ba1f59b9-eaf2-4ebb-acef-4e2bf7407b88', 'context': [<snowplow_tracker.self_describing_json.SelfDescribingJson object at 0x11ef124d0>]}
[0m17:23:25.343497 [error] [MainThread]: Encountered an error:
[{'group': 'LACOE', 'release': 'MVP', 'metric': 'ELA - % Met and Above - 2023 - Build'}] is not valid under any of the given schemas

Failed validating 'anyOf' in schema['properties']['tags']:
    {'anyOf': [{'items': {'type': 'string'}, 'type': 'array'},
               {'type': 'string'}]}

On instance['tags']:
    [{'group': 'LACOE',
      'metric': 'ELA - % Met and Above - 2023 - Build',
      'release': 'MVP'}]
[0m17:23:25.348006 [error] [MainThread]: jsonschema.exceptions.ValidationError: [{'group': 'LACOE', 'release': 'MVP', 'metric': 'ELA - % Met and Above - 2023 - Build'}] is not valid under any of the given schemas

Failed validating 'anyOf' in schema['properties']['tags']:
    {'anyOf': [{'items': {'type': 'string'}, 'type': 'array'},
               {'type': 'string'}]}

On instance['tags']:
    [{'group': 'LACOE',
      'metric': 'ELA - % Met and Above - 2023 - Build',
      'release': 'MVP'}]

The above exception was the direct cause of the following exception:

Traceback (most recent call last):
  File "/Users/Brett.Willever/.pyenv/versions/3.11.0/lib/python3.11/site-packages/dbt/cli/requires.py", line 90, in wrapper
    result, success = func(*args, **kwargs)
                      ^^^^^^^^^^^^^^^^^^^^^
  File "/Users/Brett.Willever/.pyenv/versions/3.11.0/lib/python3.11/site-packages/dbt/cli/requires.py", line 75, in wrapper
    return func(*args, **kwargs)
           ^^^^^^^^^^^^^^^^^^^^^
  File "/Users/Brett.Willever/.pyenv/versions/3.11.0/lib/python3.11/site-packages/dbt/cli/requires.py", line 168, in wrapper
    return func(*args, **kwargs)
           ^^^^^^^^^^^^^^^^^^^^^
  File "/Users/Brett.Willever/.pyenv/versions/3.11.0/lib/python3.11/site-packages/dbt/cli/requires.py", line 197, in wrapper
    return func(*args, **kwargs)
           ^^^^^^^^^^^^^^^^^^^^^
  File "/Users/Brett.Willever/.pyenv/versions/3.11.0/lib/python3.11/site-packages/dbt/cli/requires.py", line 244, in wrapper
    return func(*args, **kwargs)
           ^^^^^^^^^^^^^^^^^^^^^
  File "/Users/Brett.Willever/.pyenv/versions/3.11.0/lib/python3.11/site-packages/dbt/cli/requires.py", line 271, in wrapper
    manifest = ManifestLoader.get_full_manifest(
               ^^^^^^^^^^^^^^^^^^^^^^^^^^^^^^^^^
  File "/Users/Brett.Willever/.pyenv/versions/3.11.0/lib/python3.11/site-packages/dbt/parser/manifest.py", line 318, in get_full_manifest
    manifest = loader.load()
               ^^^^^^^^^^^^^
  File "/Users/Brett.Willever/.pyenv/versions/3.11.0/lib/python3.11/site-packages/dbt/parser/manifest.py", line 495, in load
    self.parse_project(
  File "/Users/Brett.Willever/.pyenv/versions/3.11.0/lib/python3.11/site-packages/dbt/parser/manifest.py", line 671, in parse_project
    parser.parse_file(block, dct=dct)
  File "/Users/Brett.Willever/.pyenv/versions/3.11.0/lib/python3.11/site-packages/dbt/parser/schemas.py", line 169, in parse_file
    model_parse_result = ModelPatchParser(self, yaml_block, "models").parse()
                         ^^^^^^^^^^^^^^^^^^^^^^^^^^^^^^^^^^^^^^^^^^^^^^^^^^^^
  File "/Users/Brett.Willever/.pyenv/versions/3.11.0/lib/python3.11/site-packages/dbt/parser/schemas.py", line 449, in parse
    self.parse_patch(node_block, refs)
  File "/Users/Brett.Willever/.pyenv/versions/3.11.0/lib/python3.11/site-packages/dbt/parser/schemas.py", line 694, in parse_patch
    super().parse_patch(block, refs)
  File "/Users/Brett.Willever/.pyenv/versions/3.11.0/lib/python3.11/site-packages/dbt/parser/schemas.py", line 635, in parse_patch
    self.patch_node_config(node, patch)
  File "/Users/Brett.Willever/.pyenv/versions/3.11.0/lib/python3.11/site-packages/dbt/parser/schemas.py", line 528, in patch_node_config
    self.schema_parser.update_parsed_node_config(node, config, patch_config_dict=patch.config)
  File "/Users/Brett.Willever/.pyenv/versions/3.11.0/lib/python3.11/site-packages/dbt/parser/base.py", line 318, in update_parsed_node_config
    config_dict = config.build_config_dict(patch_config_dict=patch_config_dict)
                  ^^^^^^^^^^^^^^^^^^^^^^^^^^^^^^^^^^^^^^^^^^^^^^^^^^^^^^^^^^^^^
  File "/Users/Brett.Willever/.pyenv/versions/3.11.0/lib/python3.11/site-packages/dbt/context/context_config.py", line 354, in build_config_dict
    return src.calculate_node_config_dict(
           ^^^^^^^^^^^^^^^^^^^^^^^^^^^^^^^
  File "/Users/Brett.Willever/.pyenv/versions/3.11.0/lib/python3.11/site-packages/dbt/context/context_config.py", line 233, in calculate_node_config_dict
    finalized = config.finalize_and_validate()
                ^^^^^^^^^^^^^^^^^^^^^^^^^^^^^^
  File "/Users/Brett.Willever/.pyenv/versions/3.11.0/lib/python3.11/site-packages/dbt/contracts/graph/model_config.py", line 375, in finalize_and_validate
    self.validate(dct)
  File "/Users/Brett.Willever/.pyenv/versions/3.11.0/lib/python3.11/site-packages/dbt/dataclass_schema.py", line 89, in validate
    raise ValidationError.create_from(error) from error
dbt.dataclass_schema.ValidationError: [{'group': 'LACOE', 'release': 'MVP', 'metric': 'ELA - % Met and Above - 2023 - Build'}] is not valid under any of the given schemas

Failed validating 'anyOf' in schema['properties']['tags']:
    {'anyOf': [{'items': {'type': 'string'}, 'type': 'array'},
               {'type': 'string'}]}

On instance['tags']:
    [{'group': 'LACOE',
      'metric': 'ELA - % Met and Above - 2023 - Build',
      'release': 'MVP'}]

[0m17:23:25.349189 [debug] [MainThread]: Resource report: {"command_name": "run", "command_wall_clock_time": 3.1800816, "process_user_time": 3.772053, "process_kernel_time": 1.00981, "process_mem_max_rss": "214482944", "command_success": false, "process_in_blocks": "0", "process_out_blocks": "0"}
[0m17:23:25.349486 [debug] [MainThread]: Command `dbt run` failed at 17:23:25.349415 after 3.18 seconds
[0m17:23:25.349714 [debug] [MainThread]: Sending event: {'category': 'dbt', 'action': 'invocation', 'label': 'end', 'context': [<snowplow_tracker.self_describing_json.SelfDescribingJson object at 0x1060737d0>, <snowplow_tracker.self_describing_json.SelfDescribingJson object at 0x105cd3250>, <snowplow_tracker.self_describing_json.SelfDescribingJson object at 0x101045e50>]}
[0m17:23:25.349923 [debug] [MainThread]: Flushing usage events
[0m17:24:39.923743 [debug] [MainThread]: Sending event: {'category': 'dbt', 'action': 'invocation', 'label': 'start', 'context': [<snowplow_tracker.self_describing_json.SelfDescribingJson object at 0x108aada50>, <snowplow_tracker.self_describing_json.SelfDescribingJson object at 0x107a24150>, <snowplow_tracker.self_describing_json.SelfDescribingJson object at 0x1079df2d0>]}


============================== 17:24:39.926378 | 9ad1db67-3ebf-4d09-90cf-1f898bb04540 ==============================
[0m17:24:39.926378 [info ] [MainThread]: Running with dbt=1.7.4
[0m17:24:39.926724 [debug] [MainThread]: running dbt with arguments {'printer_width': '80', 'indirect_selection': 'eager', 'log_cache_events': 'False', 'write_json': 'True', 'partial_parse': 'True', 'cache_selected_only': 'False', 'warn_error': 'None', 'version_check': 'True', 'profiles_dir': '../', 'log_path': 'models/staging/logs', 'debug': 'False', 'fail_fast': 'False', 'use_colors': 'True', 'use_experimental_parser': 'False', 'no_print': 'None', 'quiet': 'False', 'warn_error_options': 'WarnErrorOptions(include=[], exclude=[])', 'invocation_command': 'dbt run --target staging --profiles-dir ../ --project-dir ./models/staging --target-path ../../.cleanup --full-refresh', 'static_parser': 'True', 'log_format': 'default', 'target_path': '../../.cleanup', 'introspect': 'True', 'send_anonymous_usage_stats': 'True'}
[0m17:24:40.611596 [debug] [MainThread]: Sending event: {'category': 'dbt', 'action': 'project_id', 'label': '9ad1db67-3ebf-4d09-90cf-1f898bb04540', 'context': [<snowplow_tracker.self_describing_json.SelfDescribingJson object at 0x11f419990>]}
[0m17:24:40.650998 [debug] [MainThread]: Sending event: {'category': 'dbt', 'action': 'adapter_info', 'label': '9ad1db67-3ebf-4d09-90cf-1f898bb04540', 'context': [<snowplow_tracker.self_describing_json.SelfDescribingJson object at 0x11d253410>]}
[0m17:24:40.651436 [info ] [MainThread]: Registered adapter: bigquery=1.7.2
[0m17:24:40.662617 [debug] [MainThread]: checksum: cac6c4946143967e4d1737bc63125eeb680e459a59d7a0b7772fc3105bc84a2f, vars: {}, profile: , target: staging, version: 1.7.4
[0m17:24:40.668802 [info ] [MainThread]: Unable to do partial parsing because config vars, config profile, or config target have changed
[0m17:24:40.669087 [debug] [MainThread]: previous checksum: cac6c4946143967e4d1737bc63125eeb680e459a59d7a0b7772fc3105bc84a2f, current checksum: c855114335c83856c4648345f5a0f7e9b00857e7d34bb530f17e3e2b79eca44d
[0m17:24:40.669271 [info ] [MainThread]: Unable to do partial parsing because a project config has changed
[0m17:24:40.669463 [debug] [MainThread]: Sending event: {'category': 'dbt', 'action': 'partial_parser', 'label': '9ad1db67-3ebf-4d09-90cf-1f898bb04540', 'context': [<snowplow_tracker.self_describing_json.SelfDescribingJson object at 0x11d422350>]}
[0m17:24:41.187431 [error] [MainThread]: Encountered an error:
[{'group': 'LACOE', 'release': 'MVP', 'metric': 'ELA - % Met and Above - 2023 - Build'}] is not valid under any of the given schemas

Failed validating 'anyOf' in schema['properties']['tags']:
    {'anyOf': [{'items': {'type': 'string'}, 'type': 'array'},
               {'type': 'string'}]}

On instance['tags']:
    [{'group': 'LACOE',
      'metric': 'ELA - % Met and Above - 2023 - Build',
      'release': 'MVP'}]
[0m17:24:41.189477 [error] [MainThread]: jsonschema.exceptions.ValidationError: [{'group': 'LACOE', 'release': 'MVP', 'metric': 'ELA - % Met and Above - 2023 - Build'}] is not valid under any of the given schemas

Failed validating 'anyOf' in schema['properties']['tags']:
    {'anyOf': [{'items': {'type': 'string'}, 'type': 'array'},
               {'type': 'string'}]}

On instance['tags']:
    [{'group': 'LACOE',
      'metric': 'ELA - % Met and Above - 2023 - Build',
      'release': 'MVP'}]

The above exception was the direct cause of the following exception:

Traceback (most recent call last):
  File "/Users/Brett.Willever/.pyenv/versions/3.11.0/lib/python3.11/site-packages/dbt/cli/requires.py", line 90, in wrapper
    result, success = func(*args, **kwargs)
                      ^^^^^^^^^^^^^^^^^^^^^
  File "/Users/Brett.Willever/.pyenv/versions/3.11.0/lib/python3.11/site-packages/dbt/cli/requires.py", line 75, in wrapper
    return func(*args, **kwargs)
           ^^^^^^^^^^^^^^^^^^^^^
  File "/Users/Brett.Willever/.pyenv/versions/3.11.0/lib/python3.11/site-packages/dbt/cli/requires.py", line 168, in wrapper
    return func(*args, **kwargs)
           ^^^^^^^^^^^^^^^^^^^^^
  File "/Users/Brett.Willever/.pyenv/versions/3.11.0/lib/python3.11/site-packages/dbt/cli/requires.py", line 197, in wrapper
    return func(*args, **kwargs)
           ^^^^^^^^^^^^^^^^^^^^^
  File "/Users/Brett.Willever/.pyenv/versions/3.11.0/lib/python3.11/site-packages/dbt/cli/requires.py", line 244, in wrapper
    return func(*args, **kwargs)
           ^^^^^^^^^^^^^^^^^^^^^
  File "/Users/Brett.Willever/.pyenv/versions/3.11.0/lib/python3.11/site-packages/dbt/cli/requires.py", line 271, in wrapper
    manifest = ManifestLoader.get_full_manifest(
               ^^^^^^^^^^^^^^^^^^^^^^^^^^^^^^^^^
  File "/Users/Brett.Willever/.pyenv/versions/3.11.0/lib/python3.11/site-packages/dbt/parser/manifest.py", line 318, in get_full_manifest
    manifest = loader.load()
               ^^^^^^^^^^^^^
  File "/Users/Brett.Willever/.pyenv/versions/3.11.0/lib/python3.11/site-packages/dbt/parser/manifest.py", line 495, in load
    self.parse_project(
  File "/Users/Brett.Willever/.pyenv/versions/3.11.0/lib/python3.11/site-packages/dbt/parser/manifest.py", line 671, in parse_project
    parser.parse_file(block, dct=dct)
  File "/Users/Brett.Willever/.pyenv/versions/3.11.0/lib/python3.11/site-packages/dbt/parser/schemas.py", line 169, in parse_file
    model_parse_result = ModelPatchParser(self, yaml_block, "models").parse()
                         ^^^^^^^^^^^^^^^^^^^^^^^^^^^^^^^^^^^^^^^^^^^^^^^^^^^^
  File "/Users/Brett.Willever/.pyenv/versions/3.11.0/lib/python3.11/site-packages/dbt/parser/schemas.py", line 449, in parse
    self.parse_patch(node_block, refs)
  File "/Users/Brett.Willever/.pyenv/versions/3.11.0/lib/python3.11/site-packages/dbt/parser/schemas.py", line 694, in parse_patch
    super().parse_patch(block, refs)
  File "/Users/Brett.Willever/.pyenv/versions/3.11.0/lib/python3.11/site-packages/dbt/parser/schemas.py", line 635, in parse_patch
    self.patch_node_config(node, patch)
  File "/Users/Brett.Willever/.pyenv/versions/3.11.0/lib/python3.11/site-packages/dbt/parser/schemas.py", line 528, in patch_node_config
    self.schema_parser.update_parsed_node_config(node, config, patch_config_dict=patch.config)
  File "/Users/Brett.Willever/.pyenv/versions/3.11.0/lib/python3.11/site-packages/dbt/parser/base.py", line 318, in update_parsed_node_config
    config_dict = config.build_config_dict(patch_config_dict=patch_config_dict)
                  ^^^^^^^^^^^^^^^^^^^^^^^^^^^^^^^^^^^^^^^^^^^^^^^^^^^^^^^^^^^^^
  File "/Users/Brett.Willever/.pyenv/versions/3.11.0/lib/python3.11/site-packages/dbt/context/context_config.py", line 354, in build_config_dict
    return src.calculate_node_config_dict(
           ^^^^^^^^^^^^^^^^^^^^^^^^^^^^^^^
  File "/Users/Brett.Willever/.pyenv/versions/3.11.0/lib/python3.11/site-packages/dbt/context/context_config.py", line 233, in calculate_node_config_dict
    finalized = config.finalize_and_validate()
                ^^^^^^^^^^^^^^^^^^^^^^^^^^^^^^
  File "/Users/Brett.Willever/.pyenv/versions/3.11.0/lib/python3.11/site-packages/dbt/contracts/graph/model_config.py", line 375, in finalize_and_validate
    self.validate(dct)
  File "/Users/Brett.Willever/.pyenv/versions/3.11.0/lib/python3.11/site-packages/dbt/dataclass_schema.py", line 89, in validate
    raise ValidationError.create_from(error) from error
dbt.dataclass_schema.ValidationError: [{'group': 'LACOE', 'release': 'MVP', 'metric': 'ELA - % Met and Above - 2023 - Build'}] is not valid under any of the given schemas

Failed validating 'anyOf' in schema['properties']['tags']:
    {'anyOf': [{'items': {'type': 'string'}, 'type': 'array'},
               {'type': 'string'}]}

On instance['tags']:
    [{'group': 'LACOE',
      'metric': 'ELA - % Met and Above - 2023 - Build',
      'release': 'MVP'}]

[0m17:24:41.190479 [debug] [MainThread]: Resource report: {"command_name": "run", "command_wall_clock_time": 1.3006524, "process_user_time": 3.196529, "process_kernel_time": 1.001093, "process_mem_max_rss": "214958080", "command_success": false, "process_in_blocks": "0", "process_out_blocks": "0"}
[0m17:24:41.190773 [debug] [MainThread]: Command `dbt run` failed at 17:24:41.190704 after 1.30 seconds
[0m17:24:41.190993 [debug] [MainThread]: Sending event: {'category': 'dbt', 'action': 'invocation', 'label': 'end', 'context': [<snowplow_tracker.self_describing_json.SelfDescribingJson object at 0x108a9e8d0>, <snowplow_tracker.self_describing_json.SelfDescribingJson object at 0x108a79c90>, <snowplow_tracker.self_describing_json.SelfDescribingJson object at 0x11d4e7750>]}
[0m17:24:41.191195 [debug] [MainThread]: Flushing usage events
[0m17:25:38.997343 [debug] [MainThread]: Sending event: {'category': 'dbt', 'action': 'invocation', 'label': 'start', 'context': [<snowplow_tracker.self_describing_json.SelfDescribingJson object at 0x105eeed10>, <snowplow_tracker.self_describing_json.SelfDescribingJson object at 0x1058796d0>, <snowplow_tracker.self_describing_json.SelfDescribingJson object at 0x105879110>]}


============================== 17:25:38.999924 | 38027879-d9db-480f-a505-1dd8048996a4 ==============================
[0m17:25:38.999924 [info ] [MainThread]: Running with dbt=1.7.4
[0m17:25:39.000265 [debug] [MainThread]: running dbt with arguments {'printer_width': '80', 'indirect_selection': 'eager', 'write_json': 'True', 'log_cache_events': 'False', 'partial_parse': 'True', 'cache_selected_only': 'False', 'profiles_dir': '../', 'debug': 'False', 'version_check': 'True', 'log_path': 'models/staging/logs', 'fail_fast': 'False', 'warn_error': 'None', 'use_colors': 'True', 'use_experimental_parser': 'False', 'no_print': 'None', 'quiet': 'False', 'warn_error_options': 'WarnErrorOptions(include=[], exclude=[])', 'static_parser': 'True', 'log_format': 'default', 'introspect': 'True', 'target_path': '../../.cleanup', 'invocation_command': 'dbt run --target staging --profiles-dir ../ --project-dir ./models/staging --target-path ../../.cleanup --full-refresh', 'send_anonymous_usage_stats': 'True'}
[0m17:25:39.664232 [debug] [MainThread]: Sending event: {'category': 'dbt', 'action': 'project_id', 'label': '38027879-d9db-480f-a505-1dd8048996a4', 'context': [<snowplow_tracker.self_describing_json.SelfDescribingJson object at 0x127b59e90>]}
[0m17:25:39.704036 [debug] [MainThread]: Sending event: {'category': 'dbt', 'action': 'adapter_info', 'label': '38027879-d9db-480f-a505-1dd8048996a4', 'context': [<snowplow_tracker.self_describing_json.SelfDescribingJson object at 0x1276c4510>]}
[0m17:25:39.704514 [info ] [MainThread]: Registered adapter: bigquery=1.7.2
[0m17:25:39.716098 [debug] [MainThread]: checksum: cac6c4946143967e4d1737bc63125eeb680e459a59d7a0b7772fc3105bc84a2f, vars: {}, profile: , target: staging, version: 1.7.4
[0m17:25:39.722409 [info ] [MainThread]: Unable to do partial parsing because config vars, config profile, or config target have changed
[0m17:25:39.722699 [debug] [MainThread]: previous checksum: cac6c4946143967e4d1737bc63125eeb680e459a59d7a0b7772fc3105bc84a2f, current checksum: c855114335c83856c4648345f5a0f7e9b00857e7d34bb530f17e3e2b79eca44d
[0m17:25:39.722884 [info ] [MainThread]: Unable to do partial parsing because a project config has changed
[0m17:25:39.723064 [debug] [MainThread]: Sending event: {'category': 'dbt', 'action': 'partial_parser', 'label': '38027879-d9db-480f-a505-1dd8048996a4', 'context': [<snowplow_tracker.self_describing_json.SelfDescribingJson object at 0x105b8dd10>]}
[0m17:25:40.239323 [error] [MainThread]: Encountered an error:
[{'group': 'LACOE', 'release': 'MVP', 'metric': 'ELA - % Met and Above - 2023 - Build'}] is not valid under any of the given schemas

Failed validating 'anyOf' in schema['properties']['tags']:
    {'anyOf': [{'items': {'type': 'string'}, 'type': 'array'},
               {'type': 'string'}]}

On instance['tags']:
    [{'group': 'LACOE',
      'metric': 'ELA - % Met and Above - 2023 - Build',
      'release': 'MVP'}]
[0m17:25:40.241283 [error] [MainThread]: jsonschema.exceptions.ValidationError: [{'group': 'LACOE', 'release': 'MVP', 'metric': 'ELA - % Met and Above - 2023 - Build'}] is not valid under any of the given schemas

Failed validating 'anyOf' in schema['properties']['tags']:
    {'anyOf': [{'items': {'type': 'string'}, 'type': 'array'},
               {'type': 'string'}]}

On instance['tags']:
    [{'group': 'LACOE',
      'metric': 'ELA - % Met and Above - 2023 - Build',
      'release': 'MVP'}]

The above exception was the direct cause of the following exception:

Traceback (most recent call last):
  File "/Users/Brett.Willever/.pyenv/versions/3.11.0/lib/python3.11/site-packages/dbt/cli/requires.py", line 90, in wrapper
    result, success = func(*args, **kwargs)
                      ^^^^^^^^^^^^^^^^^^^^^
  File "/Users/Brett.Willever/.pyenv/versions/3.11.0/lib/python3.11/site-packages/dbt/cli/requires.py", line 75, in wrapper
    return func(*args, **kwargs)
           ^^^^^^^^^^^^^^^^^^^^^
  File "/Users/Brett.Willever/.pyenv/versions/3.11.0/lib/python3.11/site-packages/dbt/cli/requires.py", line 168, in wrapper
    return func(*args, **kwargs)
           ^^^^^^^^^^^^^^^^^^^^^
  File "/Users/Brett.Willever/.pyenv/versions/3.11.0/lib/python3.11/site-packages/dbt/cli/requires.py", line 197, in wrapper
    return func(*args, **kwargs)
           ^^^^^^^^^^^^^^^^^^^^^
  File "/Users/Brett.Willever/.pyenv/versions/3.11.0/lib/python3.11/site-packages/dbt/cli/requires.py", line 244, in wrapper
    return func(*args, **kwargs)
           ^^^^^^^^^^^^^^^^^^^^^
  File "/Users/Brett.Willever/.pyenv/versions/3.11.0/lib/python3.11/site-packages/dbt/cli/requires.py", line 271, in wrapper
    manifest = ManifestLoader.get_full_manifest(
               ^^^^^^^^^^^^^^^^^^^^^^^^^^^^^^^^^
  File "/Users/Brett.Willever/.pyenv/versions/3.11.0/lib/python3.11/site-packages/dbt/parser/manifest.py", line 318, in get_full_manifest
    manifest = loader.load()
               ^^^^^^^^^^^^^
  File "/Users/Brett.Willever/.pyenv/versions/3.11.0/lib/python3.11/site-packages/dbt/parser/manifest.py", line 495, in load
    self.parse_project(
  File "/Users/Brett.Willever/.pyenv/versions/3.11.0/lib/python3.11/site-packages/dbt/parser/manifest.py", line 671, in parse_project
    parser.parse_file(block, dct=dct)
  File "/Users/Brett.Willever/.pyenv/versions/3.11.0/lib/python3.11/site-packages/dbt/parser/schemas.py", line 169, in parse_file
    model_parse_result = ModelPatchParser(self, yaml_block, "models").parse()
                         ^^^^^^^^^^^^^^^^^^^^^^^^^^^^^^^^^^^^^^^^^^^^^^^^^^^^
  File "/Users/Brett.Willever/.pyenv/versions/3.11.0/lib/python3.11/site-packages/dbt/parser/schemas.py", line 449, in parse
    self.parse_patch(node_block, refs)
  File "/Users/Brett.Willever/.pyenv/versions/3.11.0/lib/python3.11/site-packages/dbt/parser/schemas.py", line 694, in parse_patch
    super().parse_patch(block, refs)
  File "/Users/Brett.Willever/.pyenv/versions/3.11.0/lib/python3.11/site-packages/dbt/parser/schemas.py", line 635, in parse_patch
    self.patch_node_config(node, patch)
  File "/Users/Brett.Willever/.pyenv/versions/3.11.0/lib/python3.11/site-packages/dbt/parser/schemas.py", line 528, in patch_node_config
    self.schema_parser.update_parsed_node_config(node, config, patch_config_dict=patch.config)
  File "/Users/Brett.Willever/.pyenv/versions/3.11.0/lib/python3.11/site-packages/dbt/parser/base.py", line 318, in update_parsed_node_config
    config_dict = config.build_config_dict(patch_config_dict=patch_config_dict)
                  ^^^^^^^^^^^^^^^^^^^^^^^^^^^^^^^^^^^^^^^^^^^^^^^^^^^^^^^^^^^^^
  File "/Users/Brett.Willever/.pyenv/versions/3.11.0/lib/python3.11/site-packages/dbt/context/context_config.py", line 354, in build_config_dict
    return src.calculate_node_config_dict(
           ^^^^^^^^^^^^^^^^^^^^^^^^^^^^^^^
  File "/Users/Brett.Willever/.pyenv/versions/3.11.0/lib/python3.11/site-packages/dbt/context/context_config.py", line 233, in calculate_node_config_dict
    finalized = config.finalize_and_validate()
                ^^^^^^^^^^^^^^^^^^^^^^^^^^^^^^
  File "/Users/Brett.Willever/.pyenv/versions/3.11.0/lib/python3.11/site-packages/dbt/contracts/graph/model_config.py", line 375, in finalize_and_validate
    self.validate(dct)
  File "/Users/Brett.Willever/.pyenv/versions/3.11.0/lib/python3.11/site-packages/dbt/dataclass_schema.py", line 89, in validate
    raise ValidationError.create_from(error) from error
dbt.dataclass_schema.ValidationError: [{'group': 'LACOE', 'release': 'MVP', 'metric': 'ELA - % Met and Above - 2023 - Build'}] is not valid under any of the given schemas

Failed validating 'anyOf' in schema['properties']['tags']:
    {'anyOf': [{'items': {'type': 'string'}, 'type': 'array'},
               {'type': 'string'}]}

On instance['tags']:
    [{'group': 'LACOE',
      'metric': 'ELA - % Met and Above - 2023 - Build',
      'release': 'MVP'}]

[0m17:25:40.242313 [debug] [MainThread]: Resource report: {"command_name": "run", "command_wall_clock_time": 1.2761072, "process_user_time": 3.349165, "process_kernel_time": 0.768508, "process_mem_max_rss": "213860352", "command_success": false, "process_in_blocks": "0", "process_out_blocks": "0"}
[0m17:25:40.242618 [debug] [MainThread]: Command `dbt run` failed at 17:25:40.242544 after 1.28 seconds
[0m17:25:40.242835 [debug] [MainThread]: Sending event: {'category': 'dbt', 'action': 'invocation', 'label': 'end', 'context': [<snowplow_tracker.self_describing_json.SelfDescribingJson object at 0x105823590>, <snowplow_tracker.self_describing_json.SelfDescribingJson object at 0x105f1ea10>, <snowplow_tracker.self_describing_json.SelfDescribingJson object at 0x13209e650>]}
[0m17:25:40.243040 [debug] [MainThread]: Flushing usage events
[0m17:26:33.739237 [debug] [MainThread]: Sending event: {'category': 'dbt', 'action': 'invocation', 'label': 'start', 'context': [<snowplow_tracker.self_describing_json.SelfDescribingJson object at 0x10788ffd0>, <snowplow_tracker.self_describing_json.SelfDescribingJson object at 0x1074f6010>, <snowplow_tracker.self_describing_json.SelfDescribingJson object at 0x107843dd0>]}


============================== 17:26:33.741953 | f903f0a1-943c-46d7-964c-9dc9c49fad1a ==============================
[0m17:26:33.741953 [info ] [MainThread]: Running with dbt=1.7.4
[0m17:26:33.742317 [debug] [MainThread]: running dbt with arguments {'printer_width': '80', 'indirect_selection': 'eager', 'write_json': 'True', 'log_cache_events': 'False', 'partial_parse': 'True', 'cache_selected_only': 'False', 'warn_error': 'None', 'fail_fast': 'False', 'debug': 'False', 'log_path': 'models/staging/logs', 'profiles_dir': '../', 'version_check': 'True', 'use_colors': 'True', 'use_experimental_parser': 'False', 'no_print': 'None', 'quiet': 'False', 'log_format': 'default', 'static_parser': 'True', 'invocation_command': 'dbt run --target staging --profiles-dir ../ --project-dir ./models/staging --target-path ../../.cleanup --full-refresh', 'introspect': 'True', 'target_path': '../../.cleanup', 'warn_error_options': 'WarnErrorOptions(include=[], exclude=[])', 'send_anonymous_usage_stats': 'True'}
[0m17:26:34.406026 [debug] [MainThread]: Sending event: {'category': 'dbt', 'action': 'project_id', 'label': 'f903f0a1-943c-46d7-964c-9dc9c49fad1a', 'context': [<snowplow_tracker.self_describing_json.SelfDescribingJson object at 0x11fdfdf10>]}
[0m17:26:34.447206 [debug] [MainThread]: Sending event: {'category': 'dbt', 'action': 'adapter_info', 'label': 'f903f0a1-943c-46d7-964c-9dc9c49fad1a', 'context': [<snowplow_tracker.self_describing_json.SelfDescribingJson object at 0x11f8e5b50>]}
[0m17:26:34.447670 [info ] [MainThread]: Registered adapter: bigquery=1.7.2
[0m17:26:34.459748 [debug] [MainThread]: checksum: cac6c4946143967e4d1737bc63125eeb680e459a59d7a0b7772fc3105bc84a2f, vars: {}, profile: , target: staging, version: 1.7.4
[0m17:26:34.466202 [info ] [MainThread]: Unable to do partial parsing because config vars, config profile, or config target have changed
[0m17:26:34.466496 [debug] [MainThread]: previous checksum: cac6c4946143967e4d1737bc63125eeb680e459a59d7a0b7772fc3105bc84a2f, current checksum: c855114335c83856c4648345f5a0f7e9b00857e7d34bb530f17e3e2b79eca44d
[0m17:26:34.466668 [info ] [MainThread]: Unable to do partial parsing because a project config has changed
[0m17:26:34.466854 [debug] [MainThread]: Sending event: {'category': 'dbt', 'action': 'partial_parser', 'label': 'f903f0a1-943c-46d7-964c-9dc9c49fad1a', 'context': [<snowplow_tracker.self_describing_json.SelfDescribingJson object at 0x11fde3cd0>]}
[0m17:26:34.995634 [error] [MainThread]: Encountered an error:
[{'group': 'lacoe', 'release': 'mvp'}] is not valid under any of the given schemas

Failed validating 'anyOf' in schema['properties']['tags']:
    {'anyOf': [{'items': {'type': 'string'}, 'type': 'array'},
               {'type': 'string'}]}

On instance['tags']:
    [{'group': 'lacoe', 'release': 'mvp'}]
[0m17:26:34.997680 [error] [MainThread]: jsonschema.exceptions.ValidationError: [{'group': 'lacoe', 'release': 'mvp'}] is not valid under any of the given schemas

Failed validating 'anyOf' in schema['properties']['tags']:
    {'anyOf': [{'items': {'type': 'string'}, 'type': 'array'},
               {'type': 'string'}]}

On instance['tags']:
    [{'group': 'lacoe', 'release': 'mvp'}]

The above exception was the direct cause of the following exception:

Traceback (most recent call last):
  File "/Users/Brett.Willever/.pyenv/versions/3.11.0/lib/python3.11/site-packages/dbt/cli/requires.py", line 90, in wrapper
    result, success = func(*args, **kwargs)
                      ^^^^^^^^^^^^^^^^^^^^^
  File "/Users/Brett.Willever/.pyenv/versions/3.11.0/lib/python3.11/site-packages/dbt/cli/requires.py", line 75, in wrapper
    return func(*args, **kwargs)
           ^^^^^^^^^^^^^^^^^^^^^
  File "/Users/Brett.Willever/.pyenv/versions/3.11.0/lib/python3.11/site-packages/dbt/cli/requires.py", line 168, in wrapper
    return func(*args, **kwargs)
           ^^^^^^^^^^^^^^^^^^^^^
  File "/Users/Brett.Willever/.pyenv/versions/3.11.0/lib/python3.11/site-packages/dbt/cli/requires.py", line 197, in wrapper
    return func(*args, **kwargs)
           ^^^^^^^^^^^^^^^^^^^^^
  File "/Users/Brett.Willever/.pyenv/versions/3.11.0/lib/python3.11/site-packages/dbt/cli/requires.py", line 244, in wrapper
    return func(*args, **kwargs)
           ^^^^^^^^^^^^^^^^^^^^^
  File "/Users/Brett.Willever/.pyenv/versions/3.11.0/lib/python3.11/site-packages/dbt/cli/requires.py", line 271, in wrapper
    manifest = ManifestLoader.get_full_manifest(
               ^^^^^^^^^^^^^^^^^^^^^^^^^^^^^^^^^
  File "/Users/Brett.Willever/.pyenv/versions/3.11.0/lib/python3.11/site-packages/dbt/parser/manifest.py", line 318, in get_full_manifest
    manifest = loader.load()
               ^^^^^^^^^^^^^
  File "/Users/Brett.Willever/.pyenv/versions/3.11.0/lib/python3.11/site-packages/dbt/parser/manifest.py", line 495, in load
    self.parse_project(
  File "/Users/Brett.Willever/.pyenv/versions/3.11.0/lib/python3.11/site-packages/dbt/parser/manifest.py", line 671, in parse_project
    parser.parse_file(block, dct=dct)
  File "/Users/Brett.Willever/.pyenv/versions/3.11.0/lib/python3.11/site-packages/dbt/parser/schemas.py", line 169, in parse_file
    model_parse_result = ModelPatchParser(self, yaml_block, "models").parse()
                         ^^^^^^^^^^^^^^^^^^^^^^^^^^^^^^^^^^^^^^^^^^^^^^^^^^^^
  File "/Users/Brett.Willever/.pyenv/versions/3.11.0/lib/python3.11/site-packages/dbt/parser/schemas.py", line 449, in parse
    self.parse_patch(node_block, refs)
  File "/Users/Brett.Willever/.pyenv/versions/3.11.0/lib/python3.11/site-packages/dbt/parser/schemas.py", line 694, in parse_patch
    super().parse_patch(block, refs)
  File "/Users/Brett.Willever/.pyenv/versions/3.11.0/lib/python3.11/site-packages/dbt/parser/schemas.py", line 635, in parse_patch
    self.patch_node_config(node, patch)
  File "/Users/Brett.Willever/.pyenv/versions/3.11.0/lib/python3.11/site-packages/dbt/parser/schemas.py", line 528, in patch_node_config
    self.schema_parser.update_parsed_node_config(node, config, patch_config_dict=patch.config)
  File "/Users/Brett.Willever/.pyenv/versions/3.11.0/lib/python3.11/site-packages/dbt/parser/base.py", line 318, in update_parsed_node_config
    config_dict = config.build_config_dict(patch_config_dict=patch_config_dict)
                  ^^^^^^^^^^^^^^^^^^^^^^^^^^^^^^^^^^^^^^^^^^^^^^^^^^^^^^^^^^^^^
  File "/Users/Brett.Willever/.pyenv/versions/3.11.0/lib/python3.11/site-packages/dbt/context/context_config.py", line 354, in build_config_dict
    return src.calculate_node_config_dict(
           ^^^^^^^^^^^^^^^^^^^^^^^^^^^^^^^
  File "/Users/Brett.Willever/.pyenv/versions/3.11.0/lib/python3.11/site-packages/dbt/context/context_config.py", line 233, in calculate_node_config_dict
    finalized = config.finalize_and_validate()
                ^^^^^^^^^^^^^^^^^^^^^^^^^^^^^^
  File "/Users/Brett.Willever/.pyenv/versions/3.11.0/lib/python3.11/site-packages/dbt/contracts/graph/model_config.py", line 375, in finalize_and_validate
    self.validate(dct)
  File "/Users/Brett.Willever/.pyenv/versions/3.11.0/lib/python3.11/site-packages/dbt/dataclass_schema.py", line 89, in validate
    raise ValidationError.create_from(error) from error
dbt.dataclass_schema.ValidationError: [{'group': 'lacoe', 'release': 'mvp'}] is not valid under any of the given schemas

Failed validating 'anyOf' in schema['properties']['tags']:
    {'anyOf': [{'items': {'type': 'string'}, 'type': 'array'},
               {'type': 'string'}]}

On instance['tags']:
    [{'group': 'lacoe', 'release': 'mvp'}]

[0m17:26:34.998693 [debug] [MainThread]: Resource report: {"command_name": "run", "command_wall_clock_time": 1.2965492, "process_user_time": 3.504414, "process_kernel_time": 0.701834, "process_mem_max_rss": "214777856", "command_success": false, "process_in_blocks": "0", "process_out_blocks": "0"}
[0m17:26:34.998990 [debug] [MainThread]: Command `dbt run` failed at 17:26:34.998920 after 1.30 seconds
[0m17:26:34.999217 [debug] [MainThread]: Sending event: {'category': 'dbt', 'action': 'invocation', 'label': 'end', 'context': [<snowplow_tracker.self_describing_json.SelfDescribingJson object at 0x10720f110>, <snowplow_tracker.self_describing_json.SelfDescribingJson object at 0x1074ebf50>, <snowplow_tracker.self_describing_json.SelfDescribingJson object at 0x11ff0f1d0>]}
[0m17:26:34.999426 [debug] [MainThread]: Flushing usage events
[0m17:27:15.321283 [debug] [MainThread]: Sending event: {'category': 'dbt', 'action': 'invocation', 'label': 'start', 'context': [<snowplow_tracker.self_describing_json.SelfDescribingJson object at 0x111e23a90>, <snowplow_tracker.self_describing_json.SelfDescribingJson object at 0x112152650>, <snowplow_tracker.self_describing_json.SelfDescribingJson object at 0x112150a10>]}


============================== 17:27:15.323834 | 4a42e809-01f8-4390-b5ea-f15da48f480c ==============================
[0m17:27:15.323834 [info ] [MainThread]: Running with dbt=1.7.4
[0m17:27:15.324173 [debug] [MainThread]: running dbt with arguments {'printer_width': '80', 'indirect_selection': 'eager', 'write_json': 'True', 'log_cache_events': 'False', 'partial_parse': 'True', 'cache_selected_only': 'False', 'warn_error': 'None', 'version_check': 'True', 'profiles_dir': '../', 'log_path': 'models/staging/logs', 'fail_fast': 'False', 'debug': 'False', 'use_colors': 'True', 'use_experimental_parser': 'False', 'no_print': 'None', 'quiet': 'False', 'log_format': 'default', 'invocation_command': 'dbt run --target staging --profiles-dir ../ --project-dir ./models/staging --target-path ../../.cleanup --full-refresh', 'introspect': 'True', 'static_parser': 'True', 'target_path': '../../.cleanup', 'warn_error_options': 'WarnErrorOptions(include=[], exclude=[])', 'send_anonymous_usage_stats': 'True'}
[0m17:27:15.960683 [debug] [MainThread]: Sending event: {'category': 'dbt', 'action': 'project_id', 'label': '4a42e809-01f8-4390-b5ea-f15da48f480c', 'context': [<snowplow_tracker.self_describing_json.SelfDescribingJson object at 0x1658113d0>]}
[0m17:27:15.999916 [debug] [MainThread]: Sending event: {'category': 'dbt', 'action': 'adapter_info', 'label': '4a42e809-01f8-4390-b5ea-f15da48f480c', 'context': [<snowplow_tracker.self_describing_json.SelfDescribingJson object at 0x165652e10>]}
[0m17:27:16.000356 [info ] [MainThread]: Registered adapter: bigquery=1.7.2
[0m17:27:16.011452 [debug] [MainThread]: checksum: cac6c4946143967e4d1737bc63125eeb680e459a59d7a0b7772fc3105bc84a2f, vars: {}, profile: , target: staging, version: 1.7.4
[0m17:27:16.017718 [info ] [MainThread]: Unable to do partial parsing because config vars, config profile, or config target have changed
[0m17:27:16.018022 [debug] [MainThread]: previous checksum: cac6c4946143967e4d1737bc63125eeb680e459a59d7a0b7772fc3105bc84a2f, current checksum: c855114335c83856c4648345f5a0f7e9b00857e7d34bb530f17e3e2b79eca44d
[0m17:27:16.018202 [info ] [MainThread]: Unable to do partial parsing because a project config has changed
[0m17:27:16.018399 [debug] [MainThread]: Sending event: {'category': 'dbt', 'action': 'partial_parser', 'label': '4a42e809-01f8-4390-b5ea-f15da48f480c', 'context': [<snowplow_tracker.self_describing_json.SelfDescribingJson object at 0x1656fb050>]}
[0m17:27:16.603211 [debug] [MainThread]: Sending event: {'category': 'dbt', 'action': 'load_project', 'label': '4a42e809-01f8-4390-b5ea-f15da48f480c', 'context': [<snowplow_tracker.self_describing_json.SelfDescribingJson object at 0x165c96f90>]}
[0m17:27:16.609947 [debug] [MainThread]: Sending event: {'category': 'dbt', 'action': 'resource_counts', 'label': '4a42e809-01f8-4390-b5ea-f15da48f480c', 'context': [<snowplow_tracker.self_describing_json.SelfDescribingJson object at 0x1659dda90>]}
[0m17:27:16.610197 [info ] [MainThread]: Found 3 models, 3 sources, 0 exposures, 0 metrics, 462 macros, 0 groups, 0 semantic models
[0m17:27:16.610385 [debug] [MainThread]: Sending event: {'category': 'dbt', 'action': 'runnable_timing', 'label': '4a42e809-01f8-4390-b5ea-f15da48f480c', 'context': [<snowplow_tracker.self_describing_json.SelfDescribingJson object at 0x165ae5ad0>]}
[0m17:27:16.611264 [info ] [MainThread]: 
[0m17:27:16.611672 [debug] [MainThread]: Acquiring new bigquery connection 'master'
[0m17:27:16.612288 [debug] [ThreadPool]: Acquiring new bigquery connection 'list_dvp-np-sandbox-b8d0'
[0m17:27:16.612466 [debug] [ThreadPool]: Opening a new connection, currently in state init
[0m17:27:24.503796 [debug] [ThreadPool]: Re-using an available connection from the pool (formerly list_dvp-np-sandbox-b8d0, now list_dvp-np-sandbox-b8d0_staging_us)
[0m17:27:24.506033 [debug] [ThreadPool]: Opening a new connection, currently in state closed
[0m17:27:26.192341 [debug] [MainThread]: Sending event: {'category': 'dbt', 'action': 'runnable_timing', 'label': '4a42e809-01f8-4390-b5ea-f15da48f480c', 'context': [<snowplow_tracker.self_describing_json.SelfDescribingJson object at 0x165ba4250>]}
[0m17:27:26.195439 [info ] [MainThread]: Concurrency: 4 threads (target='staging')
[0m17:27:26.197097 [info ] [MainThread]: 
[0m17:27:26.213240 [debug] [Thread-1 (]: Began running node model.seeder_project_tmpl.academic_graduation_rate
[0m17:27:26.214292 [debug] [Thread-2 (]: Began running node model.seeder_project_tmpl.academic_indicators_ela
[0m17:27:26.214887 [debug] [Thread-3 (]: Began running node model.seeder_project_tmpl.assessments_sbac
[0m17:27:26.216133 [info ] [Thread-1 (]: 1 of 3 START sql incremental model staging_us.academic_graduation_rate ......... [RUN]
[0m17:27:26.217418 [info ] [Thread-2 (]: 2 of 3 START sql incremental model staging_us.academic_indicators_ela .......... [RUN]
[0m17:27:26.218285 [info ] [Thread-3 (]: 3 of 3 START sql incremental model staging_us.assessments_sbac ................. [RUN]
[0m17:27:26.219805 [debug] [Thread-1 (]: Re-using an available connection from the pool (formerly list_dvp-np-sandbox-b8d0_staging_us, now model.seeder_project_tmpl.academic_graduation_rate)
[0m17:27:26.221329 [debug] [Thread-2 (]: Acquiring new bigquery connection 'model.seeder_project_tmpl.academic_indicators_ela'
[0m17:27:26.222333 [debug] [Thread-3 (]: Acquiring new bigquery connection 'model.seeder_project_tmpl.assessments_sbac'
[0m17:27:26.222852 [debug] [Thread-1 (]: Began compiling node model.seeder_project_tmpl.academic_graduation_rate
[0m17:27:26.223321 [debug] [Thread-2 (]: Began compiling node model.seeder_project_tmpl.academic_indicators_ela
[0m17:27:26.223786 [debug] [Thread-3 (]: Began compiling node model.seeder_project_tmpl.assessments_sbac
[0m17:27:26.240998 [debug] [Thread-1 (]: Writing injected SQL for node "model.seeder_project_tmpl.academic_graduation_rate"
[0m17:27:26.249251 [debug] [Thread-2 (]: Writing injected SQL for node "model.seeder_project_tmpl.academic_indicators_ela"
[0m17:27:26.256144 [debug] [Thread-3 (]: Writing injected SQL for node "model.seeder_project_tmpl.assessments_sbac"
[0m17:27:26.258676 [debug] [Thread-2 (]: Timing info for model.seeder_project_tmpl.academic_indicators_ela (compile): 17:27:26.241302 => 17:27:26.258427
[0m17:27:26.259066 [debug] [Thread-3 (]: Timing info for model.seeder_project_tmpl.assessments_sbac (compile): 17:27:26.249676 => 17:27:26.258868
[0m17:27:26.259442 [debug] [Thread-1 (]: Timing info for model.seeder_project_tmpl.academic_graduation_rate (compile): 17:27:26.224087 => 17:27:26.259267
[0m17:27:26.259752 [debug] [Thread-2 (]: Began executing node model.seeder_project_tmpl.academic_indicators_ela
[0m17:27:26.260053 [debug] [Thread-3 (]: Began executing node model.seeder_project_tmpl.assessments_sbac
[0m17:27:26.260335 [debug] [Thread-1 (]: Began executing node model.seeder_project_tmpl.academic_graduation_rate
[0m17:27:26.289991 [debug] [Thread-2 (]: Opening a new connection, currently in state init
[0m17:27:26.291245 [debug] [Thread-1 (]: Opening a new connection, currently in state closed
[0m17:27:26.294502 [debug] [Thread-3 (]: Opening a new connection, currently in state init
[0m17:27:28.333379 [debug] [Thread-2 (]: Writing runtime sql for node "model.seeder_project_tmpl.academic_indicators_ela"
[0m17:27:28.335280 [debug] [Thread-2 (]: On model.seeder_project_tmpl.academic_indicators_ela: /* {"app": "dbt", "dbt_version": "1.7.4", "profile_name": "dvp", "target_name": "staging", "node_id": "model.seeder_project_tmpl.academic_indicators_ela"} */

  
    

    create or replace table `dvp-np-sandbox-b8d0`.`staging_us`.`academic_indicators_ela`
      
    
    

    OPTIONS(
      labels=[('group', 'lacoe'), ('release', 'mvp')]
    )
    as (
      WITH raw_ela AS (
    SELECT
        
          
SAFE_CAST(
  CASE
    WHEN SAFE_CAST(cds AS STRING) = '*' THEN '0'
    ELSE CAST(cds AS STRING)
  END AS STRING
)
 AS cds,
        
          
SAFE_CAST(
  CASE
    WHEN SAFE_CAST(rtype AS STRING) = '*' THEN '0'
    ELSE CAST(rtype AS STRING)
  END AS STRING
)
 AS rtype,
        
          
SAFE_CAST(
  CASE
    WHEN SAFE_CAST(schoolname AS STRING) = '*' THEN '0'
    ELSE CAST(schoolname AS STRING)
  END AS STRING
)
 AS schoolname,
        
          
SAFE_CAST(
  CASE
    WHEN SAFE_CAST(districtname AS STRING) = '*' THEN '0'
    ELSE CAST(districtname AS STRING)
  END AS STRING
)
 AS districtname,
        
          
SAFE_CAST(
  CASE
    WHEN SAFE_CAST(countyname AS STRING) = '*' THEN '0'
    ELSE CAST(countyname AS STRING)
  END AS STRING
)
 AS countyname,
        
          
SAFE_CAST(
  CASE
    WHEN SAFE_CAST(charter_flag AS STRING) = '*' THEN '0'
    ELSE CAST(charter_flag AS STRING)
  END AS STRING
)
 AS charter_flag,
        
          
SAFE_CAST(
  CASE
    WHEN SAFE_CAST(coe_flag AS STRING) = '*' THEN '0'
    ELSE CAST(coe_flag AS STRING)
  END AS STRING
)
 AS coe_flag,
        
          
SAFE_CAST(
  CASE
    WHEN SAFE_CAST(dass_flag AS STRING) = '*' THEN '0'
    ELSE CAST(dass_flag AS STRING)
  END AS STRING
)
 AS dass_flag,
        
          
SAFE_CAST(
  CASE
    WHEN SAFE_CAST(studentgroup AS STRING) = '*' THEN '0'
    ELSE CAST(studentgroup AS STRING)
  END AS STRING
)
 AS studentgroup,
        
          
SAFE_CAST(
  CASE
    WHEN SAFE_CAST(currdenom AS STRING) = '*' THEN '0'
    ELSE CAST(currdenom AS STRING)
  END AS STRING
)
 AS currdenom,
        
          
SAFE_CAST(
  CASE
    WHEN SAFE_CAST(currstatus AS STRING) = '*' THEN '0'
    ELSE CAST(currstatus AS STRING)
  END AS STRING
)
 AS currstatus,
        
          
SAFE_CAST(
  CASE
    WHEN SAFE_CAST(priordenom AS STRING) = '*' THEN '0'
    ELSE CAST(priordenom AS STRING)
  END AS STRING
)
 AS priordenom,
        
          
SAFE_CAST(
  CASE
    WHEN SAFE_CAST(priorstatus AS STRING) = '*' THEN '0'
    ELSE CAST(priorstatus AS STRING)
  END AS STRING
)
 AS priorstatus,
        
          
SAFE_CAST(
  CASE
    WHEN SAFE_CAST(change AS STRING) = '*' THEN '0'
    ELSE CAST(change AS STRING)
  END AS STRING
)
 AS change,
        
          
SAFE_CAST(
  CASE
    WHEN SAFE_CAST(statuslevel AS STRING) = '*' THEN '0'
    ELSE CAST(statuslevel AS STRING)
  END AS STRING
)
 AS statuslevel,
        
          
SAFE_CAST(
  CASE
    WHEN SAFE_CAST(changelevel AS STRING) = '*' THEN '0'
    ELSE CAST(changelevel AS STRING)
  END AS STRING
)
 AS changelevel,
        
          
SAFE_CAST(
  CASE
    WHEN SAFE_CAST(color AS STRING) = '*' THEN '0'
    ELSE CAST(color AS STRING)
  END AS STRING
)
 AS color,
        
          
SAFE_CAST(
  CASE
    WHEN SAFE_CAST(box AS STRING) = '*' THEN '0'
    ELSE CAST(box AS STRING)
  END AS STRING
)
 AS box,
        
          
SAFE_CAST(
  CASE
    WHEN SAFE_CAST(currnsizemet AS STRING) = '*' THEN '0'
    ELSE CAST(currnsizemet AS STRING)
  END AS STRING
)
 AS currnsizemet,
        
          
SAFE_CAST(
  CASE
    WHEN SAFE_CAST(priornsizemet AS STRING) = '*' THEN '0'
    ELSE CAST(priornsizemet AS STRING)
  END AS STRING
)
 AS priornsizemet,
        
          
SAFE_CAST(
  CASE
    WHEN SAFE_CAST(accountabilitymet AS STRING) = '*' THEN '0'
    ELSE CAST(accountabilitymet AS STRING)
  END AS STRING
)
 AS accountabilitymet,
        
          
SAFE_CAST(
  CASE
    WHEN SAFE_CAST(hscutpoints AS STRING) = '*' THEN '0'
    ELSE CAST(hscutpoints AS STRING)
  END AS STRING
)
 AS hscutpoints,
        
          
SAFE_CAST(
  CASE
    WHEN SAFE_CAST(pairshare_method AS STRING) = '*' THEN '0'
    ELSE CAST(pairshare_method AS STRING)
  END AS STRING
)
 AS pairshare_method,
        
          
SAFE_CAST(
  CASE
    WHEN SAFE_CAST(currprate_enrolled AS STRING) = '*' THEN '0'
    ELSE CAST(currprate_enrolled AS STRING)
  END AS STRING
)
 AS currprate_enrolled,
        
          
SAFE_CAST(
  CASE
    WHEN SAFE_CAST(currprate_tested AS STRING) = '*' THEN '0'
    ELSE CAST(currprate_tested AS STRING)
  END AS STRING
)
 AS currprate_tested,
        
          
SAFE_CAST(
  CASE
    WHEN SAFE_CAST(currprate AS STRING) = '*' THEN '0'
    ELSE CAST(currprate AS STRING)
  END AS STRING
)
 AS currprate,
        
          
SAFE_CAST(
  CASE
    WHEN SAFE_CAST(currnumPRLOSS AS STRING) = '*' THEN '0'
    ELSE CAST(currnumPRLOSS AS STRING)
  END AS STRING
)
 AS currnumPRLOSS,
        
          
SAFE_CAST(
  CASE
    WHEN SAFE_CAST(currdenom_withoutPRLOSS AS STRING) = '*' THEN '0'
    ELSE CAST(currdenom_withoutPRLOSS AS STRING)
  END AS STRING
)
 AS currdenom_withoutPRLOSS,
        
          
SAFE_CAST(
  CASE
    WHEN SAFE_CAST(currstatus_withoutPRLOSS AS STRING) = '*' THEN '0'
    ELSE CAST(currstatus_withoutPRLOSS AS STRING)
  END AS STRING
)
 AS currstatus_withoutPRLOSS,
        
          
SAFE_CAST(
  CASE
    WHEN SAFE_CAST(priorprate_enrolled AS STRING) = '*' THEN '0'
    ELSE CAST(priorprate_enrolled AS STRING)
  END AS STRING
)
 AS priorprate_enrolled,
        
          
SAFE_CAST(
  CASE
    WHEN SAFE_CAST(priorprate_tested AS STRING) = '*' THEN '0'
    ELSE CAST(priorprate_tested AS STRING)
  END AS STRING
)
 AS priorprate_tested,
        
          
SAFE_CAST(
  CASE
    WHEN SAFE_CAST(priorprate AS STRING) = '*' THEN '0'
    ELSE CAST(priorprate AS STRING)
  END AS STRING
)
 AS priorprate,
        
          
SAFE_CAST(
  CASE
    WHEN SAFE_CAST(priornumPRLOSS AS STRING) = '*' THEN '0'
    ELSE CAST(priornumPRLOSS AS STRING)
  END AS STRING
)
 AS priornumPRLOSS,
        
          
SAFE_CAST(
  CASE
    WHEN SAFE_CAST(priordenom_withoutPRLOSS AS STRING) = '*' THEN '0'
    ELSE CAST(priordenom_withoutPRLOSS AS STRING)
  END AS STRING
)
 AS priordenom_withoutPRLOSS,
        
          
SAFE_CAST(
  CASE
    WHEN SAFE_CAST(priorstatus_withoutPRLOSS AS STRING) = '*' THEN '0'
    ELSE CAST(priorstatus_withoutPRLOSS AS STRING)
  END AS STRING
)
 AS priorstatus_withoutPRLOSS,
        
          
SAFE_CAST(
  CASE
    WHEN SAFE_CAST(indicator AS STRING) = '*' THEN '0'
    ELSE CAST(indicator AS STRING)
  END AS STRING
)
 AS indicator,
        
          
SAFE_CAST(
  CASE
    WHEN SAFE_CAST(reportingyear AS STRING) = '*' THEN '0'
    ELSE CAST(reportingyear AS STRING)
  END AS STRING
)
 AS reportingyear,
        
          
SAFE_CAST(
  CASE
    WHEN SAFE_CAST(school_code AS STRING) = '*' THEN '0'
    ELSE CAST(school_code AS STRING)
  END AS STRING
)
 AS school_code
        
    FROM
        `dvp-np-sandbox-b8d0`.`raw_us`.`eladownload2023`
)
SELECT
    *,
    
  STRUCT(current_datetime() AS updated_at, current_datetime() AS created_at, ABS(
    farm_fingerprint(safe_cast(TO_JSON_STRING(raw_ela) AS STRING))
  ) AS hash_key, 1 AS version, TRUE AS is_active) AS _dvp_metadata

FROM
    raw_ela
    );
  
[0m17:27:28.416264 [debug] [Thread-3 (]: Writing runtime sql for node "model.seeder_project_tmpl.assessments_sbac"
[0m17:27:28.420922 [debug] [Thread-3 (]: On model.seeder_project_tmpl.assessments_sbac: /* {"app": "dbt", "dbt_version": "1.7.4", "profile_name": "dvp", "target_name": "staging", "node_id": "model.seeder_project_tmpl.assessments_sbac"} */

  
    

    create or replace table `dvp-np-sandbox-b8d0`.`staging_us`.`assessments_sbac`
      
    
    

    OPTIONS()
    as (
      WITH raw_sbac AS (
  SELECT
  
    
SAFE_CAST(
  CASE
    WHEN SAFE_CAST(county_code AS STRING) = '*' THEN '0'
    ELSE CAST(county_code AS STRING)
  END AS STRING
)
 AS county_code ,
  
    
SAFE_CAST(
  CASE
    WHEN SAFE_CAST(district_code AS STRING) = '*' THEN '0'
    ELSE CAST(district_code AS STRING)
  END AS STRING
)
 AS district_code ,
  
    
SAFE_CAST(
  CASE
    WHEN SAFE_CAST(school_code AS STRING) = '*' THEN '0'
    ELSE CAST(school_code AS STRING)
  END AS STRING
)
 AS school_code ,
  
    
SAFE_CAST(
  CASE
    WHEN SAFE_CAST(filler AS STRING) = '*' THEN '0'
    ELSE CAST(filler AS STRING)
  END AS STRING
)
 AS filler ,
  
    
SAFE_CAST(
  CASE
    WHEN SAFE_CAST(test_year AS STRING) = '*' THEN '0'
    ELSE CAST(test_year AS STRING)
  END AS STRING
)
 AS test_year ,
  
    
SAFE_CAST(
  CASE
    WHEN SAFE_CAST(student_group_id AS STRING) = '*' THEN '0'
    ELSE CAST(student_group_id AS STRING)
  END AS STRING
)
 AS student_group_id ,
  
    
SAFE_CAST(
  CASE
    WHEN SAFE_CAST(test_type AS STRING) = '*' THEN '0'
    ELSE CAST(test_type AS STRING)
  END AS STRING
)
 AS test_type ,
  
    
SAFE_CAST(
  CASE
    WHEN SAFE_CAST(total_tested_at_reporting_level AS STRING) = '*' THEN '0'
    ELSE CAST(total_tested_at_reporting_level AS STRING)
  END AS STRING
)
 AS total_tested_at_reporting_level ,
  
    
SAFE_CAST(
  CASE
    WHEN SAFE_CAST(total_tested_with_scores_at_reporting_level AS STRING) = '*' THEN '0'
    ELSE CAST(total_tested_with_scores_at_reporting_level AS STRING)
  END AS STRING
)
 AS total_tested_with_scores_at_reporting_level ,
  
    
SAFE_CAST(
  CASE
    WHEN SAFE_CAST(grade AS STRING) = '*' THEN '0'
    ELSE CAST(grade AS STRING)
  END AS STRING
)
 AS grade ,
  
    
SAFE_CAST(
  CASE
    WHEN SAFE_CAST(test_id AS STRING) = '*' THEN '0'
    ELSE CAST(test_id AS STRING)
  END AS STRING
)
 AS test_id ,
  
    
SAFE_CAST(
  CASE
    WHEN SAFE_CAST(students_enrolled AS STRING) = '*' THEN '0'
    ELSE CAST(students_enrolled AS STRING)
  END AS STRING
)
 AS students_enrolled ,
  
    
SAFE_CAST(
  CASE
    WHEN SAFE_CAST(students_tested AS STRING) = '*' THEN '0'
    ELSE CAST(students_tested AS STRING)
  END AS STRING
)
 AS students_tested ,
  
    
SAFE_CAST(
  CASE
    WHEN SAFE_CAST(mean_scale_score AS STRING) = '*' THEN '0'
    ELSE CAST(mean_scale_score AS STRING)
  END AS STRING
)
 AS mean_scale_score ,
  
    
SAFE_CAST(
  CASE
    WHEN SAFE_CAST(percentage_standard_exceeded AS STRING) = '*' THEN '0'
    ELSE CAST(percentage_standard_exceeded AS STRING)
  END AS STRING
)
 AS percentage_standard_exceeded ,
  
    
SAFE_CAST(
  CASE
    WHEN SAFE_CAST(percentage_standard_met AS STRING) = '*' THEN '0'
    ELSE CAST(percentage_standard_met AS STRING)
  END AS STRING
)
 AS percentage_standard_met ,
  
    
SAFE_CAST(
  CASE
    WHEN SAFE_CAST(Percentage_Standard_Met_And_Above AS STRING) = '*' THEN '0'
    ELSE CAST(Percentage_Standard_Met_And_Above AS STRING)
  END AS STRING
)
 AS Percentage_Standard_Met_And_Above ,
  
    
SAFE_CAST(
  CASE
    WHEN SAFE_CAST(percentage_standard_nearly_met AS STRING) = '*' THEN '0'
    ELSE CAST(percentage_standard_nearly_met AS STRING)
  END AS STRING
)
 AS percentage_standard_nearly_met ,
  
    
SAFE_CAST(
  CASE
    WHEN SAFE_CAST(percentage_standard_not_met AS STRING) = '*' THEN '0'
    ELSE CAST(percentage_standard_not_met AS STRING)
  END AS STRING
)
 AS percentage_standard_not_met ,
  
    
SAFE_CAST(
  CASE
    WHEN SAFE_CAST(Students_with_Scores AS STRING) = '*' THEN '0'
    ELSE CAST(Students_with_Scores AS STRING)
  END AS STRING
)
 AS Students_with_Scores ,
  
    
SAFE_CAST(
  CASE
    WHEN SAFE_CAST(area_1_percentage_above_standard AS STRING) = '*' THEN '0'
    ELSE CAST(area_1_percentage_above_standard AS STRING)
  END AS STRING
)
 AS area_1_percentage_above_standard ,
  
    
SAFE_CAST(
  CASE
    WHEN SAFE_CAST(area_1_percentage_near_standard AS STRING) = '*' THEN '0'
    ELSE CAST(area_1_percentage_near_standard AS STRING)
  END AS STRING
)
 AS area_1_percentage_near_standard ,
  
    
SAFE_CAST(
  CASE
    WHEN SAFE_CAST(area_1_percentage_below_standard AS STRING) = '*' THEN '0'
    ELSE CAST(area_1_percentage_below_standard AS STRING)
  END AS STRING
)
 AS area_1_percentage_below_standard ,
  
    
SAFE_CAST(
  CASE
    WHEN SAFE_CAST(area_2_percentage_above_standard AS STRING) = '*' THEN '0'
    ELSE CAST(area_2_percentage_above_standard AS STRING)
  END AS STRING
)
 AS area_2_percentage_above_standard ,
  
    
SAFE_CAST(
  CASE
    WHEN SAFE_CAST(area_2_percentage_near_standard AS STRING) = '*' THEN '0'
    ELSE CAST(area_2_percentage_near_standard AS STRING)
  END AS STRING
)
 AS area_2_percentage_near_standard ,
  
    
SAFE_CAST(
  CASE
    WHEN SAFE_CAST(area_2_percentage_below_standard AS STRING) = '*' THEN '0'
    ELSE CAST(area_2_percentage_below_standard AS STRING)
  END AS STRING
)
 AS area_2_percentage_below_standard ,
  
    
SAFE_CAST(
  CASE
    WHEN SAFE_CAST(area_3_percentage_above_standard AS STRING) = '*' THEN '0'
    ELSE CAST(area_3_percentage_above_standard AS STRING)
  END AS STRING
)
 AS area_3_percentage_above_standard ,
  
    
SAFE_CAST(
  CASE
    WHEN SAFE_CAST(area_3_percentage_near_standard AS STRING) = '*' THEN '0'
    ELSE CAST(area_3_percentage_near_standard AS STRING)
  END AS STRING
)
 AS area_3_percentage_near_standard ,
  
    
SAFE_CAST(
  CASE
    WHEN SAFE_CAST(area_3_percentage_below_standard AS STRING) = '*' THEN '0'
    ELSE CAST(area_3_percentage_below_standard AS STRING)
  END AS STRING
)
 AS area_3_percentage_below_standard ,
  
    
SAFE_CAST(
  CASE
    WHEN SAFE_CAST(area_4_percentage_above_standard AS STRING) = '*' THEN '0'
    ELSE CAST(area_4_percentage_above_standard AS STRING)
  END AS STRING
)
 AS area_4_percentage_above_standard ,
  
    
SAFE_CAST(
  CASE
    WHEN SAFE_CAST(area_4_percentage_near_standard AS STRING) = '*' THEN '0'
    ELSE CAST(area_4_percentage_near_standard AS STRING)
  END AS STRING
)
 AS area_4_percentage_near_standard ,
  
    
SAFE_CAST(
  CASE
    WHEN SAFE_CAST(area_4_percentage_below_standard AS STRING) = '*' THEN '0'
    ELSE CAST(area_4_percentage_below_standard AS STRING)
  END AS STRING
)
 AS area_4_percentage_below_standard ,
  
    
SAFE_CAST(
  CASE
    WHEN SAFE_CAST(type_id AS STRING) = '*' THEN '0'
    ELSE CAST(type_id AS STRING)
  END AS STRING
)
 AS type_id 
  
 FROM
`dvp-np-sandbox-b8d0`.`raw_us`.`sb_ca2023_all`
)

SELECT *,
    
  STRUCT(current_datetime() AS updated_at, current_datetime() AS created_at, ABS(
    farm_fingerprint(safe_cast(TO_JSON_STRING(raw_sbac) AS STRING))
  ) AS hash_key, 1 AS version, TRUE AS is_active) AS _dvp_metadata

FROM raw_sbac
    );
  
[0m17:27:28.752083 [debug] [Thread-1 (]: Writing runtime sql for node "model.seeder_project_tmpl.academic_graduation_rate"
[0m17:27:28.762386 [debug] [Thread-1 (]: On model.seeder_project_tmpl.academic_graduation_rate: /* {"app": "dbt", "dbt_version": "1.7.4", "profile_name": "dvp", "target_name": "staging", "node_id": "model.seeder_project_tmpl.academic_graduation_rate"} */

  
    

    create or replace table `dvp-np-sandbox-b8d0`.`staging_us`.`academic_graduation_rate`
      
    
    cluster by AggregateLevel

    OPTIONS()
    as (
      WITH raw_acgr AS (
    SELECT
        
          
SAFE_CAST(
  CASE
    WHEN SAFE_CAST(AcademicYear AS STRING) = '*' THEN '0'
    ELSE CAST(AcademicYear AS STRING)
  END AS STRING
)
 AS AcademicYear,
        
          
SAFE_CAST(
  CASE
    WHEN SAFE_CAST(AggregateLevel AS STRING) = '*' THEN '0'
    ELSE CAST(AggregateLevel AS STRING)
  END AS STRING
)
 AS AggregateLevel,
        
          
SAFE_CAST(
  CASE
    WHEN SAFE_CAST(CountyCode AS STRING) = '*' THEN '0'
    ELSE CAST(CountyCode AS STRING)
  END AS STRING
)
 AS CountyCode,
        
          
SAFE_CAST(
  CASE
    WHEN SAFE_CAST(DistrictCode AS STRING) = '*' THEN '0'
    ELSE CAST(DistrictCode AS STRING)
  END AS STRING
)
 AS DistrictCode,
        
          
SAFE_CAST(
  CASE
    WHEN SAFE_CAST(SchoolCode AS STRING) = '*' THEN '0'
    ELSE CAST(SchoolCode AS STRING)
  END AS STRING
)
 AS SchoolCode,
        
          
SAFE_CAST(
  CASE
    WHEN SAFE_CAST(CountyName AS STRING) = '*' THEN '0'
    ELSE CAST(CountyName AS STRING)
  END AS STRING
)
 AS CountyName,
        
          
SAFE_CAST(
  CASE
    WHEN SAFE_CAST(DistrictName AS STRING) = '*' THEN '0'
    ELSE CAST(DistrictName AS STRING)
  END AS STRING
)
 AS DistrictName,
        
          
SAFE_CAST(
  CASE
    WHEN SAFE_CAST(SchoolName AS STRING) = '*' THEN '0'
    ELSE CAST(SchoolName AS STRING)
  END AS STRING
)
 AS SchoolName,
        
          
SAFE_CAST(
  CASE
    WHEN SAFE_CAST(CharterSchool AS STRING) = '*' THEN '0'
    ELSE CAST(CharterSchool AS STRING)
  END AS STRING
)
 AS CharterSchool,
        
          
SAFE_CAST(
  CASE
    WHEN SAFE_CAST(DASS AS STRING) = '*' THEN '0'
    ELSE CAST(DASS AS STRING)
  END AS STRING
)
 AS DASS,
        
          
SAFE_CAST(
  CASE
    WHEN SAFE_CAST(ReportingCategory AS STRING) = '*' THEN '0'
    ELSE CAST(ReportingCategory AS STRING)
  END AS STRING
)
 AS ReportingCategory,
        
          
SAFE_CAST(
  CASE
    WHEN SAFE_CAST(CohortStudents AS STRING) = '*' THEN '0'
    ELSE CAST(CohortStudents AS STRING)
  END AS STRING
)
 AS CohortStudents,
        
          
SAFE_CAST(
  CASE
    WHEN SAFE_CAST(Regular_HS_Diploma_Graduates__Count_ AS STRING) = '*' THEN '0'
    ELSE CAST(Regular_HS_Diploma_Graduates__Count_ AS STRING)
  END AS STRING
)
 AS Regular_HS_Diploma_Graduates__Count_,
        
          
SAFE_CAST(
  CASE
    WHEN SAFE_CAST(Regular_HS_Diploma_Graduates__Rate_ AS STRING) = '*' THEN '0'
    ELSE CAST(Regular_HS_Diploma_Graduates__Rate_ AS STRING)
  END AS STRING
)
 AS Regular_HS_Diploma_Graduates__Rate_,
        
          
SAFE_CAST(
  CASE
    WHEN SAFE_CAST(Met_UC_CSU_Grad_Req_s__Count_ AS STRING) = '*' THEN '0'
    ELSE CAST(Met_UC_CSU_Grad_Req_s__Count_ AS STRING)
  END AS STRING
)
 AS Met_UC_CSU_Grad_Req_s__Count_,
        
          
SAFE_CAST(
  CASE
    WHEN SAFE_CAST(Met_UC_CSU_Grad_Req_s__Rate_ AS STRING) = '*' THEN '0'
    ELSE CAST(Met_UC_CSU_Grad_Req_s__Rate_ AS STRING)
  END AS STRING
)
 AS Met_UC_CSU_Grad_Req_s__Rate_,
        
          
SAFE_CAST(
  CASE
    WHEN SAFE_CAST(Seal_of_Biliteracy__Count_ AS STRING) = '*' THEN '0'
    ELSE CAST(Seal_of_Biliteracy__Count_ AS STRING)
  END AS STRING
)
 AS Seal_of_Biliteracy__Count_,
        
          
SAFE_CAST(
  CASE
    WHEN SAFE_CAST(Seal_of_Biliteracy__Rate_ AS STRING) = '*' THEN '0'
    ELSE CAST(Seal_of_Biliteracy__Rate_ AS STRING)
  END AS STRING
)
 AS Seal_of_Biliteracy__Rate_,
        
          
SAFE_CAST(
  CASE
    WHEN SAFE_CAST(Golden_State_Seal_Merit_Diploma__Count_ AS STRING) = '*' THEN '0'
    ELSE CAST(Golden_State_Seal_Merit_Diploma__Count_ AS STRING)
  END AS STRING
)
 AS Golden_State_Seal_Merit_Diploma__Count_,
        
          
SAFE_CAST(
  CASE
    WHEN SAFE_CAST(Golden_State_Seal_Merit_Diploma__Rate AS STRING) = '*' THEN '0'
    ELSE CAST(Golden_State_Seal_Merit_Diploma__Rate AS STRING)
  END AS STRING
)
 AS Golden_State_Seal_Merit_Diploma__Rate,
        
          
SAFE_CAST(
  CASE
    WHEN SAFE_CAST(CHSPE_Completer__Count_ AS STRING) = '*' THEN '0'
    ELSE CAST(CHSPE_Completer__Count_ AS STRING)
  END AS STRING
)
 AS CHSPE_Completer__Count_,
        
          
SAFE_CAST(
  CASE
    WHEN SAFE_CAST(CHSPE_Completer__Rate_ AS STRING) = '*' THEN '0'
    ELSE CAST(CHSPE_Completer__Rate_ AS STRING)
  END AS STRING
)
 AS CHSPE_Completer__Rate_,
        
          
SAFE_CAST(
  CASE
    WHEN SAFE_CAST(Adult_Ed__HS_Diploma__Count_ AS STRING) = '*' THEN '0'
    ELSE CAST(Adult_Ed__HS_Diploma__Count_ AS STRING)
  END AS STRING
)
 AS Adult_Ed__HS_Diploma__Count_,
        
          
SAFE_CAST(
  CASE
    WHEN SAFE_CAST(Adult_Ed__HS_Diploma__Rate_ AS STRING) = '*' THEN '0'
    ELSE CAST(Adult_Ed__HS_Diploma__Rate_ AS STRING)
  END AS STRING
)
 AS Adult_Ed__HS_Diploma__Rate_,
        
          
SAFE_CAST(
  CASE
    WHEN SAFE_CAST(SPED_Certificate__Count_ AS STRING) = '*' THEN '0'
    ELSE CAST(SPED_Certificate__Count_ AS STRING)
  END AS STRING
)
 AS SPED_Certificate__Count_,
        
          
SAFE_CAST(
  CASE
    WHEN SAFE_CAST(SPED_Certificate__Rate_ AS STRING) = '*' THEN '0'
    ELSE CAST(SPED_Certificate__Rate_ AS STRING)
  END AS STRING
)
 AS SPED_Certificate__Rate_,
        
          
SAFE_CAST(
  CASE
    WHEN SAFE_CAST(GED_Completer__Count_ AS STRING) = '*' THEN '0'
    ELSE CAST(GED_Completer__Count_ AS STRING)
  END AS STRING
)
 AS GED_Completer__Count_,
        
          
SAFE_CAST(
  CASE
    WHEN SAFE_CAST(GED_Completer__Rate_ AS STRING) = '*' THEN '0'
    ELSE CAST(GED_Completer__Rate_ AS STRING)
  END AS STRING
)
 AS GED_Completer__Rate_,
        
          
SAFE_CAST(
  CASE
    WHEN SAFE_CAST(Other_Transfer__Count_ AS STRING) = '*' THEN '0'
    ELSE CAST(Other_Transfer__Count_ AS STRING)
  END AS STRING
)
 AS Other_Transfer__Count_,
        
          
SAFE_CAST(
  CASE
    WHEN SAFE_CAST(Other_Transfer__Rate_ AS STRING) = '*' THEN '0'
    ELSE CAST(Other_Transfer__Rate_ AS STRING)
  END AS STRING
)
 AS Other_Transfer__Rate_,
        
          
SAFE_CAST(
  CASE
    WHEN SAFE_CAST(Dropout__Count_ AS STRING) = '*' THEN '0'
    ELSE CAST(Dropout__Count_ AS STRING)
  END AS STRING
)
 AS Dropout__Count_,
        
          
SAFE_CAST(
  CASE
    WHEN SAFE_CAST(Dropout__Rate_ AS STRING) = '*' THEN '0'
    ELSE CAST(Dropout__Rate_ AS STRING)
  END AS STRING
)
 AS Dropout__Rate_,
        
          
SAFE_CAST(
  CASE
    WHEN SAFE_CAST(Still_Enrolled__Count_ AS STRING) = '*' THEN '0'
    ELSE CAST(Still_Enrolled__Count_ AS STRING)
  END AS STRING
)
 AS Still_Enrolled__Count_,
        
          
SAFE_CAST(
  CASE
    WHEN SAFE_CAST(Still_Enrolled__Rate_ AS STRING) = '*' THEN '0'
    ELSE CAST(Still_Enrolled__Rate_ AS STRING)
  END AS STRING
)
 AS Still_Enrolled__Rate_
        
    FROM
        `dvp-np-sandbox-b8d0`.`raw_us`.`acgr23`
)
SELECT
    *,
    
  STRUCT(current_datetime() AS updated_at, current_datetime() AS created_at, ABS(
    farm_fingerprint(safe_cast(TO_JSON_STRING(raw_acgr) AS STRING))
  ) AS hash_key, 1 AS version, TRUE AS is_active) AS _dvp_metadata

FROM
    raw_acgr
    );
  
[0m17:27:29.496834 [debug] [Thread-2 (]: BigQuery adapter: https://console.cloud.google.com/bigquery?project=dvp-np-sandbox-b8d0&j=bq:US:c0229d42-9b68-4347-afbd-74780aa0b6c5&page=queryresults
[0m17:27:29.558307 [debug] [Thread-3 (]: BigQuery adapter: https://console.cloud.google.com/bigquery?project=dvp-np-sandbox-b8d0&j=bq:US:45376e96-eb92-4b3f-911f-8a52887120bf&page=queryresults
[0m17:27:29.736041 [debug] [Thread-1 (]: BigQuery adapter: https://console.cloud.google.com/bigquery?project=dvp-np-sandbox-b8d0&j=bq:US:54a781ce-0e1f-4981-805c-e4a7e135c019&page=queryresults
[0m17:27:31.143023 [debug] [Thread-2 (]: BigQuery adapter: Retry attempt 1 of 1 after error: BadRequest('Unrecognized name: school_code; Did you mean schoolname? at [354:20]')
[0m17:27:35.331472 [debug] [Thread-1 (]: Timing info for model.seeder_project_tmpl.academic_graduation_rate (execute): 17:27:26.279677 => 17:27:35.331132
[0m17:27:35.332856 [debug] [Thread-1 (]: Sending event: {'category': 'dbt', 'action': 'run_model', 'label': '4a42e809-01f8-4390-b5ea-f15da48f480c', 'context': [<snowplow_tracker.self_describing_json.SelfDescribingJson object at 0x165b0e150>]}
[0m17:27:35.333686 [info ] [Thread-1 (]: 1 of 3 OK created sql incremental model staging_us.academic_graduation_rate .... [[32mCREATE TABLE (114.0k rows, 19.2 MiB processed)[0m in 9.11s]
[0m17:27:35.334453 [debug] [Thread-1 (]: Finished running node model.seeder_project_tmpl.academic_graduation_rate
[0m17:27:35.979199 [debug] [Thread-2 (]: BigQuery adapter: https://console.cloud.google.com/bigquery?project=dvp-np-sandbox-b8d0&j=bq:US:fc2641a1-b25e-4e0f-86c8-10fb3ae11a18&page=queryresults
[0m17:27:37.308026 [error] [Thread-2 (]: BigQuery adapter: https://console.cloud.google.com/bigquery?project=dvp-np-sandbox-b8d0&j=bq:US:fc2641a1-b25e-4e0f-86c8-10fb3ae11a18&page=queryresults
[0m17:27:37.311081 [debug] [Thread-2 (]: Timing info for model.seeder_project_tmpl.academic_indicators_ela (execute): 17:27:26.260518 => 17:27:37.309823
[0m17:27:37.333832 [debug] [Thread-2 (]: Database Error in model academic_indicators_ela (./academic_indicators_ela.sql)
  Unrecognized name: school_code; Did you mean schoolname? at [354:20]
  compiled Code at ../../.cleanup/run/seeder_project_tmpl/./academic_indicators_ela.sql
[0m17:27:37.334835 [debug] [Thread-2 (]: Sending event: {'category': 'dbt', 'action': 'run_model', 'label': '4a42e809-01f8-4390-b5ea-f15da48f480c', 'context': [<snowplow_tracker.self_describing_json.SelfDescribingJson object at 0x165daff90>]}
[0m17:27:37.335692 [error] [Thread-2 (]: 2 of 3 ERROR creating sql incremental model staging_us.academic_indicators_ela . [[31mERROR[0m in 11.11s]
[0m17:27:37.336452 [debug] [Thread-2 (]: Finished running node model.seeder_project_tmpl.academic_indicators_ela
[0m17:27:39.101227 [debug] [Thread-3 (]: Timing info for model.seeder_project_tmpl.assessments_sbac (execute): 17:27:26.272160 => 17:27:39.099727
[0m17:27:39.104162 [debug] [Thread-3 (]: Sending event: {'category': 'dbt', 'action': 'run_model', 'label': '4a42e809-01f8-4390-b5ea-f15da48f480c', 'context': [<snowplow_tracker.self_describing_json.SelfDescribingJson object at 0x165c55410>]}
[0m17:27:39.105810 [info ] [Thread-3 (]: 3 of 3 OK created sql incremental model staging_us.assessments_sbac ............ [[32mCREATE TABLE (4.1m rows, 650.0 MiB processed)[0m in 12.88s]
[0m17:27:39.107217 [debug] [Thread-3 (]: Finished running node model.seeder_project_tmpl.assessments_sbac
[0m17:27:39.118021 [debug] [MainThread]: Connection 'master' was properly closed.
[0m17:27:39.118939 [debug] [MainThread]: Connection 'model.seeder_project_tmpl.academic_graduation_rate' was properly closed.
[0m17:27:39.119388 [debug] [MainThread]: Connection 'model.seeder_project_tmpl.academic_indicators_ela' was properly closed.
[0m17:27:39.119880 [debug] [MainThread]: Connection 'model.seeder_project_tmpl.assessments_sbac' was properly closed.
[0m17:27:39.120711 [info ] [MainThread]: 
[0m17:27:39.121356 [info ] [MainThread]: Finished running 3 incremental models in 0 hours 0 minutes and 22.51 seconds (22.51s).
[0m17:27:39.123148 [debug] [MainThread]: Command end result
[0m17:27:39.139148 [info ] [MainThread]: 
[0m17:27:39.139854 [info ] [MainThread]: [31mCompleted with 1 error and 0 warnings:[0m
[0m17:27:39.140297 [info ] [MainThread]: 
[0m17:27:39.140653 [error] [MainThread]:   Database Error in model academic_indicators_ela (./academic_indicators_ela.sql)
  Unrecognized name: school_code; Did you mean schoolname? at [354:20]
  compiled Code at ../../.cleanup/run/seeder_project_tmpl/./academic_indicators_ela.sql
[0m17:27:39.141003 [info ] [MainThread]: 
[0m17:27:39.141375 [info ] [MainThread]: Done. PASS=2 WARN=0 ERROR=1 SKIP=0 TOTAL=3
[0m17:27:39.142003 [debug] [MainThread]: Resource report: {"command_name": "run", "command_wall_clock_time": 23.854074, "process_user_time": 3.990546, "process_kernel_time": 0.867156, "process_mem_max_rss": "232669184", "command_success": false, "process_in_blocks": "0", "process_out_blocks": "0"}
[0m17:27:39.142654 [debug] [MainThread]: Command `dbt run` failed at 17:27:39.142515 after 23.85 seconds
[0m17:27:39.143158 [debug] [MainThread]: Sending event: {'category': 'dbt', 'action': 'invocation', 'label': 'end', 'context': [<snowplow_tracker.self_describing_json.SelfDescribingJson object at 0x111eade90>, <snowplow_tracker.self_describing_json.SelfDescribingJson object at 0x11258ba90>, <snowplow_tracker.self_describing_json.SelfDescribingJson object at 0x11258ba10>]}
[0m17:27:39.143576 [debug] [MainThread]: Flushing usage events
[0m17:29:55.076503 [debug] [MainThread]: Sending event: {'category': 'dbt', 'action': 'invocation', 'label': 'start', 'context': [<snowplow_tracker.self_describing_json.SelfDescribingJson object at 0x108ec7f90>, <snowplow_tracker.self_describing_json.SelfDescribingJson object at 0x108bcca10>, <snowplow_tracker.self_describing_json.SelfDescribingJson object at 0x108bcc910>]}


============================== 17:29:55.079270 | c5cefabb-4281-4a15-b22c-34ace98ee4e7 ==============================
[0m17:29:55.079270 [info ] [MainThread]: Running with dbt=1.7.4
[0m17:29:55.079623 [debug] [MainThread]: running dbt with arguments {'printer_width': '80', 'indirect_selection': 'eager', 'log_cache_events': 'False', 'write_json': 'True', 'partial_parse': 'True', 'cache_selected_only': 'False', 'warn_error': 'None', 'version_check': 'True', 'fail_fast': 'False', 'log_path': 'models/staging/logs', 'profiles_dir': '../', 'debug': 'False', 'use_colors': 'True', 'use_experimental_parser': 'False', 'no_print': 'None', 'quiet': 'False', 'log_format': 'default', 'invocation_command': 'dbt run --target staging --profiles-dir ../ --project-dir ./models/staging --target-path ../../.cleanup --full-refresh', 'warn_error_options': 'WarnErrorOptions(include=[], exclude=[])', 'introspect': 'True', 'target_path': '../../.cleanup', 'static_parser': 'True', 'send_anonymous_usage_stats': 'True'}
[0m17:29:55.710221 [debug] [MainThread]: Sending event: {'category': 'dbt', 'action': 'project_id', 'label': 'c5cefabb-4281-4a15-b22c-34ace98ee4e7', 'context': [<snowplow_tracker.self_describing_json.SelfDescribingJson object at 0x12bc944d0>]}
[0m17:29:55.749520 [debug] [MainThread]: Sending event: {'category': 'dbt', 'action': 'adapter_info', 'label': 'c5cefabb-4281-4a15-b22c-34ace98ee4e7', 'context': [<snowplow_tracker.self_describing_json.SelfDescribingJson object at 0x12bc44ed0>]}
[0m17:29:55.750014 [info ] [MainThread]: Registered adapter: bigquery=1.7.2
[0m17:29:55.761278 [debug] [MainThread]: checksum: cac6c4946143967e4d1737bc63125eeb680e459a59d7a0b7772fc3105bc84a2f, vars: {}, profile: , target: staging, version: 1.7.4
[0m17:29:55.839075 [debug] [MainThread]: Partial parsing enabled: 0 files deleted, 0 files added, 1 files changed.
[0m17:29:55.839723 [debug] [MainThread]: Partial parsing: updated file: seeder_project_tmpl://./properties.yml
[0m17:29:55.936819 [debug] [MainThread]: Sending event: {'category': 'dbt', 'action': 'load_project', 'label': 'c5cefabb-4281-4a15-b22c-34ace98ee4e7', 'context': [<snowplow_tracker.self_describing_json.SelfDescribingJson object at 0x12bc47410>]}
[0m17:29:55.942878 [debug] [MainThread]: Sending event: {'category': 'dbt', 'action': 'resource_counts', 'label': 'c5cefabb-4281-4a15-b22c-34ace98ee4e7', 'context': [<snowplow_tracker.self_describing_json.SelfDescribingJson object at 0x12bbd4b10>]}
[0m17:29:55.943151 [info ] [MainThread]: Found 3 models, 3 sources, 0 exposures, 0 metrics, 462 macros, 0 groups, 0 semantic models
[0m17:29:55.943354 [debug] [MainThread]: Sending event: {'category': 'dbt', 'action': 'runnable_timing', 'label': 'c5cefabb-4281-4a15-b22c-34ace98ee4e7', 'context': [<snowplow_tracker.self_describing_json.SelfDescribingJson object at 0x12bd8f550>]}
[0m17:29:55.944284 [info ] [MainThread]: 
[0m17:29:55.944876 [debug] [MainThread]: Acquiring new bigquery connection 'master'
[0m17:29:55.945592 [debug] [ThreadPool]: Acquiring new bigquery connection 'list_dvp-np-sandbox-b8d0'
[0m17:29:55.945862 [debug] [ThreadPool]: Opening a new connection, currently in state init
[0m17:30:02.345828 [debug] [ThreadPool]: Re-using an available connection from the pool (formerly list_dvp-np-sandbox-b8d0, now list_dvp-np-sandbox-b8d0_staging_us)
[0m17:30:02.348067 [debug] [ThreadPool]: Opening a new connection, currently in state closed
[0m17:30:05.114110 [debug] [MainThread]: Sending event: {'category': 'dbt', 'action': 'runnable_timing', 'label': 'c5cefabb-4281-4a15-b22c-34ace98ee4e7', 'context': [<snowplow_tracker.self_describing_json.SelfDescribingJson object at 0x12e80ea50>]}
[0m17:30:05.117170 [info ] [MainThread]: Concurrency: 4 threads (target='staging')
[0m17:30:05.118295 [info ] [MainThread]: 
[0m17:30:05.135656 [debug] [Thread-1 (]: Began running node model.seeder_project_tmpl.academic_graduation_rate
[0m17:30:05.136137 [debug] [Thread-2 (]: Began running node model.seeder_project_tmpl.academic_indicators_ela
[0m17:30:05.136420 [debug] [Thread-3 (]: Began running node model.seeder_project_tmpl.assessments_sbac
[0m17:30:05.136988 [info ] [Thread-1 (]: 1 of 3 START sql incremental model staging_us.academic_graduation_rate ......... [RUN]
[0m17:30:05.137370 [info ] [Thread-2 (]: 2 of 3 START sql incremental model staging_us.academic_indicators_ela .......... [RUN]
[0m17:30:05.137679 [info ] [Thread-3 (]: 3 of 3 START sql incremental model staging_us.assessments_sbac ................. [RUN]
[0m17:30:05.138371 [debug] [Thread-1 (]: Re-using an available connection from the pool (formerly list_dvp-np-sandbox-b8d0_staging_us, now model.seeder_project_tmpl.academic_graduation_rate)
[0m17:30:05.138913 [debug] [Thread-2 (]: Acquiring new bigquery connection 'model.seeder_project_tmpl.academic_indicators_ela'
[0m17:30:05.139523 [debug] [Thread-3 (]: Acquiring new bigquery connection 'model.seeder_project_tmpl.assessments_sbac'
[0m17:30:05.139829 [debug] [Thread-1 (]: Began compiling node model.seeder_project_tmpl.academic_graduation_rate
[0m17:30:05.140084 [debug] [Thread-2 (]: Began compiling node model.seeder_project_tmpl.academic_indicators_ela
[0m17:30:05.140335 [debug] [Thread-3 (]: Began compiling node model.seeder_project_tmpl.assessments_sbac
[0m17:30:05.149533 [debug] [Thread-1 (]: Writing injected SQL for node "model.seeder_project_tmpl.academic_graduation_rate"
[0m17:30:05.155935 [debug] [Thread-2 (]: Writing injected SQL for node "model.seeder_project_tmpl.academic_indicators_ela"
[0m17:30:05.161144 [debug] [Thread-3 (]: Writing injected SQL for node "model.seeder_project_tmpl.assessments_sbac"
[0m17:30:05.162122 [debug] [Thread-2 (]: Timing info for model.seeder_project_tmpl.academic_indicators_ela (compile): 17:30:05.149815 => 17:30:05.161879
[0m17:30:05.162477 [debug] [Thread-2 (]: Began executing node model.seeder_project_tmpl.academic_indicators_ela
[0m17:30:05.168219 [debug] [Thread-3 (]: Timing info for model.seeder_project_tmpl.assessments_sbac (compile): 17:30:05.156228 => 17:30:05.167977
[0m17:30:05.168728 [debug] [Thread-1 (]: Timing info for model.seeder_project_tmpl.academic_graduation_rate (compile): 17:30:05.140519 => 17:30:05.168451
[0m17:30:05.170641 [debug] [Thread-3 (]: Began executing node model.seeder_project_tmpl.assessments_sbac
[0m17:30:05.173653 [debug] [Thread-1 (]: Began executing node model.seeder_project_tmpl.academic_graduation_rate
[0m17:30:05.198134 [debug] [Thread-2 (]: Opening a new connection, currently in state init
[0m17:30:05.200432 [debug] [Thread-3 (]: Opening a new connection, currently in state init
[0m17:30:05.202225 [debug] [Thread-1 (]: Opening a new connection, currently in state closed
[0m17:30:07.854335 [debug] [Thread-3 (]: Writing runtime sql for node "model.seeder_project_tmpl.assessments_sbac"
[0m17:30:07.856104 [debug] [Thread-3 (]: On model.seeder_project_tmpl.assessments_sbac: /* {"app": "dbt", "dbt_version": "1.7.4", "profile_name": "dvp", "target_name": "staging", "node_id": "model.seeder_project_tmpl.assessments_sbac"} */

  
    

    create or replace table `dvp-np-sandbox-b8d0`.`staging_us`.`assessments_sbac`
      
    
    

    OPTIONS()
    as (
      WITH raw_sbac AS (
  SELECT
  
    
SAFE_CAST(
  CASE
    WHEN SAFE_CAST(county_code AS STRING) = '*' THEN '0'
    ELSE CAST(county_code AS STRING)
  END AS STRING
)
 AS county_code ,
  
    
SAFE_CAST(
  CASE
    WHEN SAFE_CAST(district_code AS STRING) = '*' THEN '0'
    ELSE CAST(district_code AS STRING)
  END AS STRING
)
 AS district_code ,
  
    
SAFE_CAST(
  CASE
    WHEN SAFE_CAST(school_code AS STRING) = '*' THEN '0'
    ELSE CAST(school_code AS STRING)
  END AS STRING
)
 AS school_code ,
  
    
SAFE_CAST(
  CASE
    WHEN SAFE_CAST(filler AS STRING) = '*' THEN '0'
    ELSE CAST(filler AS STRING)
  END AS STRING
)
 AS filler ,
  
    
SAFE_CAST(
  CASE
    WHEN SAFE_CAST(test_year AS STRING) = '*' THEN '0'
    ELSE CAST(test_year AS STRING)
  END AS STRING
)
 AS test_year ,
  
    
SAFE_CAST(
  CASE
    WHEN SAFE_CAST(student_group_id AS STRING) = '*' THEN '0'
    ELSE CAST(student_group_id AS STRING)
  END AS STRING
)
 AS student_group_id ,
  
    
SAFE_CAST(
  CASE
    WHEN SAFE_CAST(test_type AS STRING) = '*' THEN '0'
    ELSE CAST(test_type AS STRING)
  END AS STRING
)
 AS test_type ,
  
    
SAFE_CAST(
  CASE
    WHEN SAFE_CAST(total_tested_at_reporting_level AS STRING) = '*' THEN '0'
    ELSE CAST(total_tested_at_reporting_level AS STRING)
  END AS STRING
)
 AS total_tested_at_reporting_level ,
  
    
SAFE_CAST(
  CASE
    WHEN SAFE_CAST(total_tested_with_scores_at_reporting_level AS STRING) = '*' THEN '0'
    ELSE CAST(total_tested_with_scores_at_reporting_level AS STRING)
  END AS STRING
)
 AS total_tested_with_scores_at_reporting_level ,
  
    
SAFE_CAST(
  CASE
    WHEN SAFE_CAST(grade AS STRING) = '*' THEN '0'
    ELSE CAST(grade AS STRING)
  END AS STRING
)
 AS grade ,
  
    
SAFE_CAST(
  CASE
    WHEN SAFE_CAST(test_id AS STRING) = '*' THEN '0'
    ELSE CAST(test_id AS STRING)
  END AS STRING
)
 AS test_id ,
  
    
SAFE_CAST(
  CASE
    WHEN SAFE_CAST(students_enrolled AS STRING) = '*' THEN '0'
    ELSE CAST(students_enrolled AS STRING)
  END AS STRING
)
 AS students_enrolled ,
  
    
SAFE_CAST(
  CASE
    WHEN SAFE_CAST(students_tested AS STRING) = '*' THEN '0'
    ELSE CAST(students_tested AS STRING)
  END AS STRING
)
 AS students_tested ,
  
    
SAFE_CAST(
  CASE
    WHEN SAFE_CAST(mean_scale_score AS STRING) = '*' THEN '0'
    ELSE CAST(mean_scale_score AS STRING)
  END AS STRING
)
 AS mean_scale_score ,
  
    
SAFE_CAST(
  CASE
    WHEN SAFE_CAST(percentage_standard_exceeded AS STRING) = '*' THEN '0'
    ELSE CAST(percentage_standard_exceeded AS STRING)
  END AS STRING
)
 AS percentage_standard_exceeded ,
  
    
SAFE_CAST(
  CASE
    WHEN SAFE_CAST(percentage_standard_met AS STRING) = '*' THEN '0'
    ELSE CAST(percentage_standard_met AS STRING)
  END AS STRING
)
 AS percentage_standard_met ,
  
    
SAFE_CAST(
  CASE
    WHEN SAFE_CAST(Percentage_Standard_Met_And_Above AS STRING) = '*' THEN '0'
    ELSE CAST(Percentage_Standard_Met_And_Above AS STRING)
  END AS STRING
)
 AS Percentage_Standard_Met_And_Above ,
  
    
SAFE_CAST(
  CASE
    WHEN SAFE_CAST(percentage_standard_nearly_met AS STRING) = '*' THEN '0'
    ELSE CAST(percentage_standard_nearly_met AS STRING)
  END AS STRING
)
 AS percentage_standard_nearly_met ,
  
    
SAFE_CAST(
  CASE
    WHEN SAFE_CAST(percentage_standard_not_met AS STRING) = '*' THEN '0'
    ELSE CAST(percentage_standard_not_met AS STRING)
  END AS STRING
)
 AS percentage_standard_not_met ,
  
    
SAFE_CAST(
  CASE
    WHEN SAFE_CAST(Students_with_Scores AS STRING) = '*' THEN '0'
    ELSE CAST(Students_with_Scores AS STRING)
  END AS STRING
)
 AS Students_with_Scores ,
  
    
SAFE_CAST(
  CASE
    WHEN SAFE_CAST(area_1_percentage_above_standard AS STRING) = '*' THEN '0'
    ELSE CAST(area_1_percentage_above_standard AS STRING)
  END AS STRING
)
 AS area_1_percentage_above_standard ,
  
    
SAFE_CAST(
  CASE
    WHEN SAFE_CAST(area_1_percentage_near_standard AS STRING) = '*' THEN '0'
    ELSE CAST(area_1_percentage_near_standard AS STRING)
  END AS STRING
)
 AS area_1_percentage_near_standard ,
  
    
SAFE_CAST(
  CASE
    WHEN SAFE_CAST(area_1_percentage_below_standard AS STRING) = '*' THEN '0'
    ELSE CAST(area_1_percentage_below_standard AS STRING)
  END AS STRING
)
 AS area_1_percentage_below_standard ,
  
    
SAFE_CAST(
  CASE
    WHEN SAFE_CAST(area_2_percentage_above_standard AS STRING) = '*' THEN '0'
    ELSE CAST(area_2_percentage_above_standard AS STRING)
  END AS STRING
)
 AS area_2_percentage_above_standard ,
  
    
SAFE_CAST(
  CASE
    WHEN SAFE_CAST(area_2_percentage_near_standard AS STRING) = '*' THEN '0'
    ELSE CAST(area_2_percentage_near_standard AS STRING)
  END AS STRING
)
 AS area_2_percentage_near_standard ,
  
    
SAFE_CAST(
  CASE
    WHEN SAFE_CAST(area_2_percentage_below_standard AS STRING) = '*' THEN '0'
    ELSE CAST(area_2_percentage_below_standard AS STRING)
  END AS STRING
)
 AS area_2_percentage_below_standard ,
  
    
SAFE_CAST(
  CASE
    WHEN SAFE_CAST(area_3_percentage_above_standard AS STRING) = '*' THEN '0'
    ELSE CAST(area_3_percentage_above_standard AS STRING)
  END AS STRING
)
 AS area_3_percentage_above_standard ,
  
    
SAFE_CAST(
  CASE
    WHEN SAFE_CAST(area_3_percentage_near_standard AS STRING) = '*' THEN '0'
    ELSE CAST(area_3_percentage_near_standard AS STRING)
  END AS STRING
)
 AS area_3_percentage_near_standard ,
  
    
SAFE_CAST(
  CASE
    WHEN SAFE_CAST(area_3_percentage_below_standard AS STRING) = '*' THEN '0'
    ELSE CAST(area_3_percentage_below_standard AS STRING)
  END AS STRING
)
 AS area_3_percentage_below_standard ,
  
    
SAFE_CAST(
  CASE
    WHEN SAFE_CAST(area_4_percentage_above_standard AS STRING) = '*' THEN '0'
    ELSE CAST(area_4_percentage_above_standard AS STRING)
  END AS STRING
)
 AS area_4_percentage_above_standard ,
  
    
SAFE_CAST(
  CASE
    WHEN SAFE_CAST(area_4_percentage_near_standard AS STRING) = '*' THEN '0'
    ELSE CAST(area_4_percentage_near_standard AS STRING)
  END AS STRING
)
 AS area_4_percentage_near_standard ,
  
    
SAFE_CAST(
  CASE
    WHEN SAFE_CAST(area_4_percentage_below_standard AS STRING) = '*' THEN '0'
    ELSE CAST(area_4_percentage_below_standard AS STRING)
  END AS STRING
)
 AS area_4_percentage_below_standard ,
  
    
SAFE_CAST(
  CASE
    WHEN SAFE_CAST(type_id AS STRING) = '*' THEN '0'
    ELSE CAST(type_id AS STRING)
  END AS STRING
)
 AS type_id 
  
 FROM
`dvp-np-sandbox-b8d0`.`raw_us`.`sb_ca2023_all`
)

SELECT *,
    
  STRUCT(current_datetime() AS updated_at, current_datetime() AS created_at, ABS(
    farm_fingerprint(safe_cast(TO_JSON_STRING(raw_sbac) AS STRING))
  ) AS hash_key, 1 AS version, TRUE AS is_active) AS _dvp_metadata

FROM raw_sbac
    );
  
[0m17:30:08.732476 [debug] [Thread-1 (]: Writing runtime sql for node "model.seeder_project_tmpl.academic_graduation_rate"
[0m17:30:08.737109 [debug] [Thread-1 (]: On model.seeder_project_tmpl.academic_graduation_rate: /* {"app": "dbt", "dbt_version": "1.7.4", "profile_name": "dvp", "target_name": "staging", "node_id": "model.seeder_project_tmpl.academic_graduation_rate"} */

  
    

    create or replace table `dvp-np-sandbox-b8d0`.`staging_us`.`academic_graduation_rate`
      
    
    cluster by AggregateLevel

    OPTIONS()
    as (
      WITH raw_acgr AS (
    SELECT
        
          
SAFE_CAST(
  CASE
    WHEN SAFE_CAST(AcademicYear AS STRING) = '*' THEN '0'
    ELSE CAST(AcademicYear AS STRING)
  END AS STRING
)
 AS AcademicYear,
        
          
SAFE_CAST(
  CASE
    WHEN SAFE_CAST(AggregateLevel AS STRING) = '*' THEN '0'
    ELSE CAST(AggregateLevel AS STRING)
  END AS STRING
)
 AS AggregateLevel,
        
          
SAFE_CAST(
  CASE
    WHEN SAFE_CAST(CountyCode AS STRING) = '*' THEN '0'
    ELSE CAST(CountyCode AS STRING)
  END AS STRING
)
 AS CountyCode,
        
          
SAFE_CAST(
  CASE
    WHEN SAFE_CAST(DistrictCode AS STRING) = '*' THEN '0'
    ELSE CAST(DistrictCode AS STRING)
  END AS STRING
)
 AS DistrictCode,
        
          
SAFE_CAST(
  CASE
    WHEN SAFE_CAST(SchoolCode AS STRING) = '*' THEN '0'
    ELSE CAST(SchoolCode AS STRING)
  END AS STRING
)
 AS SchoolCode,
        
          
SAFE_CAST(
  CASE
    WHEN SAFE_CAST(CountyName AS STRING) = '*' THEN '0'
    ELSE CAST(CountyName AS STRING)
  END AS STRING
)
 AS CountyName,
        
          
SAFE_CAST(
  CASE
    WHEN SAFE_CAST(DistrictName AS STRING) = '*' THEN '0'
    ELSE CAST(DistrictName AS STRING)
  END AS STRING
)
 AS DistrictName,
        
          
SAFE_CAST(
  CASE
    WHEN SAFE_CAST(SchoolName AS STRING) = '*' THEN '0'
    ELSE CAST(SchoolName AS STRING)
  END AS STRING
)
 AS SchoolName,
        
          
SAFE_CAST(
  CASE
    WHEN SAFE_CAST(CharterSchool AS STRING) = '*' THEN '0'
    ELSE CAST(CharterSchool AS STRING)
  END AS STRING
)
 AS CharterSchool,
        
          
SAFE_CAST(
  CASE
    WHEN SAFE_CAST(DASS AS STRING) = '*' THEN '0'
    ELSE CAST(DASS AS STRING)
  END AS STRING
)
 AS DASS,
        
          
SAFE_CAST(
  CASE
    WHEN SAFE_CAST(ReportingCategory AS STRING) = '*' THEN '0'
    ELSE CAST(ReportingCategory AS STRING)
  END AS STRING
)
 AS ReportingCategory,
        
          
SAFE_CAST(
  CASE
    WHEN SAFE_CAST(CohortStudents AS STRING) = '*' THEN '0'
    ELSE CAST(CohortStudents AS STRING)
  END AS STRING
)
 AS CohortStudents,
        
          
SAFE_CAST(
  CASE
    WHEN SAFE_CAST(Regular_HS_Diploma_Graduates__Count_ AS STRING) = '*' THEN '0'
    ELSE CAST(Regular_HS_Diploma_Graduates__Count_ AS STRING)
  END AS STRING
)
 AS Regular_HS_Diploma_Graduates__Count_,
        
          
SAFE_CAST(
  CASE
    WHEN SAFE_CAST(Regular_HS_Diploma_Graduates__Rate_ AS STRING) = '*' THEN '0'
    ELSE CAST(Regular_HS_Diploma_Graduates__Rate_ AS STRING)
  END AS STRING
)
 AS Regular_HS_Diploma_Graduates__Rate_,
        
          
SAFE_CAST(
  CASE
    WHEN SAFE_CAST(Met_UC_CSU_Grad_Req_s__Count_ AS STRING) = '*' THEN '0'
    ELSE CAST(Met_UC_CSU_Grad_Req_s__Count_ AS STRING)
  END AS STRING
)
 AS Met_UC_CSU_Grad_Req_s__Count_,
        
          
SAFE_CAST(
  CASE
    WHEN SAFE_CAST(Met_UC_CSU_Grad_Req_s__Rate_ AS STRING) = '*' THEN '0'
    ELSE CAST(Met_UC_CSU_Grad_Req_s__Rate_ AS STRING)
  END AS STRING
)
 AS Met_UC_CSU_Grad_Req_s__Rate_,
        
          
SAFE_CAST(
  CASE
    WHEN SAFE_CAST(Seal_of_Biliteracy__Count_ AS STRING) = '*' THEN '0'
    ELSE CAST(Seal_of_Biliteracy__Count_ AS STRING)
  END AS STRING
)
 AS Seal_of_Biliteracy__Count_,
        
          
SAFE_CAST(
  CASE
    WHEN SAFE_CAST(Seal_of_Biliteracy__Rate_ AS STRING) = '*' THEN '0'
    ELSE CAST(Seal_of_Biliteracy__Rate_ AS STRING)
  END AS STRING
)
 AS Seal_of_Biliteracy__Rate_,
        
          
SAFE_CAST(
  CASE
    WHEN SAFE_CAST(Golden_State_Seal_Merit_Diploma__Count_ AS STRING) = '*' THEN '0'
    ELSE CAST(Golden_State_Seal_Merit_Diploma__Count_ AS STRING)
  END AS STRING
)
 AS Golden_State_Seal_Merit_Diploma__Count_,
        
          
SAFE_CAST(
  CASE
    WHEN SAFE_CAST(Golden_State_Seal_Merit_Diploma__Rate AS STRING) = '*' THEN '0'
    ELSE CAST(Golden_State_Seal_Merit_Diploma__Rate AS STRING)
  END AS STRING
)
 AS Golden_State_Seal_Merit_Diploma__Rate,
        
          
SAFE_CAST(
  CASE
    WHEN SAFE_CAST(CHSPE_Completer__Count_ AS STRING) = '*' THEN '0'
    ELSE CAST(CHSPE_Completer__Count_ AS STRING)
  END AS STRING
)
 AS CHSPE_Completer__Count_,
        
          
SAFE_CAST(
  CASE
    WHEN SAFE_CAST(CHSPE_Completer__Rate_ AS STRING) = '*' THEN '0'
    ELSE CAST(CHSPE_Completer__Rate_ AS STRING)
  END AS STRING
)
 AS CHSPE_Completer__Rate_,
        
          
SAFE_CAST(
  CASE
    WHEN SAFE_CAST(Adult_Ed__HS_Diploma__Count_ AS STRING) = '*' THEN '0'
    ELSE CAST(Adult_Ed__HS_Diploma__Count_ AS STRING)
  END AS STRING
)
 AS Adult_Ed__HS_Diploma__Count_,
        
          
SAFE_CAST(
  CASE
    WHEN SAFE_CAST(Adult_Ed__HS_Diploma__Rate_ AS STRING) = '*' THEN '0'
    ELSE CAST(Adult_Ed__HS_Diploma__Rate_ AS STRING)
  END AS STRING
)
 AS Adult_Ed__HS_Diploma__Rate_,
        
          
SAFE_CAST(
  CASE
    WHEN SAFE_CAST(SPED_Certificate__Count_ AS STRING) = '*' THEN '0'
    ELSE CAST(SPED_Certificate__Count_ AS STRING)
  END AS STRING
)
 AS SPED_Certificate__Count_,
        
          
SAFE_CAST(
  CASE
    WHEN SAFE_CAST(SPED_Certificate__Rate_ AS STRING) = '*' THEN '0'
    ELSE CAST(SPED_Certificate__Rate_ AS STRING)
  END AS STRING
)
 AS SPED_Certificate__Rate_,
        
          
SAFE_CAST(
  CASE
    WHEN SAFE_CAST(GED_Completer__Count_ AS STRING) = '*' THEN '0'
    ELSE CAST(GED_Completer__Count_ AS STRING)
  END AS STRING
)
 AS GED_Completer__Count_,
        
          
SAFE_CAST(
  CASE
    WHEN SAFE_CAST(GED_Completer__Rate_ AS STRING) = '*' THEN '0'
    ELSE CAST(GED_Completer__Rate_ AS STRING)
  END AS STRING
)
 AS GED_Completer__Rate_,
        
          
SAFE_CAST(
  CASE
    WHEN SAFE_CAST(Other_Transfer__Count_ AS STRING) = '*' THEN '0'
    ELSE CAST(Other_Transfer__Count_ AS STRING)
  END AS STRING
)
 AS Other_Transfer__Count_,
        
          
SAFE_CAST(
  CASE
    WHEN SAFE_CAST(Other_Transfer__Rate_ AS STRING) = '*' THEN '0'
    ELSE CAST(Other_Transfer__Rate_ AS STRING)
  END AS STRING
)
 AS Other_Transfer__Rate_,
        
          
SAFE_CAST(
  CASE
    WHEN SAFE_CAST(Dropout__Count_ AS STRING) = '*' THEN '0'
    ELSE CAST(Dropout__Count_ AS STRING)
  END AS STRING
)
 AS Dropout__Count_,
        
          
SAFE_CAST(
  CASE
    WHEN SAFE_CAST(Dropout__Rate_ AS STRING) = '*' THEN '0'
    ELSE CAST(Dropout__Rate_ AS STRING)
  END AS STRING
)
 AS Dropout__Rate_,
        
          
SAFE_CAST(
  CASE
    WHEN SAFE_CAST(Still_Enrolled__Count_ AS STRING) = '*' THEN '0'
    ELSE CAST(Still_Enrolled__Count_ AS STRING)
  END AS STRING
)
 AS Still_Enrolled__Count_,
        
          
SAFE_CAST(
  CASE
    WHEN SAFE_CAST(Still_Enrolled__Rate_ AS STRING) = '*' THEN '0'
    ELSE CAST(Still_Enrolled__Rate_ AS STRING)
  END AS STRING
)
 AS Still_Enrolled__Rate_
        
    FROM
        `dvp-np-sandbox-b8d0`.`raw_us`.`acgr23`
)
SELECT
    *,
    
  STRUCT(current_datetime() AS updated_at, current_datetime() AS created_at, ABS(
    farm_fingerprint(safe_cast(TO_JSON_STRING(raw_acgr) AS STRING))
  ) AS hash_key, 1 AS version, TRUE AS is_active) AS _dvp_metadata

FROM
    raw_acgr
    );
  
[0m17:30:09.203986 [debug] [Thread-3 (]: BigQuery adapter: https://console.cloud.google.com/bigquery?project=dvp-np-sandbox-b8d0&j=bq:US:2befeaa5-9604-4f1d-95e3-4d9d456d8d00&page=queryresults
[0m17:30:09.448727 [debug] [Thread-2 (]: Writing runtime sql for node "model.seeder_project_tmpl.academic_indicators_ela"
[0m17:30:09.452227 [debug] [Thread-2 (]: On model.seeder_project_tmpl.academic_indicators_ela: /* {"app": "dbt", "dbt_version": "1.7.4", "profile_name": "dvp", "target_name": "staging", "node_id": "model.seeder_project_tmpl.academic_indicators_ela"} */

  
    

    create or replace table `dvp-np-sandbox-b8d0`.`staging_us`.`academic_indicators_ela`
      
    
    

    OPTIONS(
      labels=[('group', 'lacoe'), ('release', 'mvp')]
    )
    as (
      WITH raw_ela AS (
    SELECT
        
          
SAFE_CAST(
  CASE
    WHEN SAFE_CAST(cds AS STRING) = '*' THEN '0'
    ELSE CAST(cds AS STRING)
  END AS STRING
)
 AS cds,
        
          
SAFE_CAST(
  CASE
    WHEN SAFE_CAST(rtype AS STRING) = '*' THEN '0'
    ELSE CAST(rtype AS STRING)
  END AS STRING
)
 AS rtype,
        
          
SAFE_CAST(
  CASE
    WHEN SAFE_CAST(schoolname AS STRING) = '*' THEN '0'
    ELSE CAST(schoolname AS STRING)
  END AS STRING
)
 AS schoolname,
        
          
SAFE_CAST(
  CASE
    WHEN SAFE_CAST(districtname AS STRING) = '*' THEN '0'
    ELSE CAST(districtname AS STRING)
  END AS STRING
)
 AS districtname,
        
          
SAFE_CAST(
  CASE
    WHEN SAFE_CAST(countyname AS STRING) = '*' THEN '0'
    ELSE CAST(countyname AS STRING)
  END AS STRING
)
 AS countyname,
        
          
SAFE_CAST(
  CASE
    WHEN SAFE_CAST(charter_flag AS STRING) = '*' THEN '0'
    ELSE CAST(charter_flag AS STRING)
  END AS STRING
)
 AS charter_flag,
        
          
SAFE_CAST(
  CASE
    WHEN SAFE_CAST(coe_flag AS STRING) = '*' THEN '0'
    ELSE CAST(coe_flag AS STRING)
  END AS STRING
)
 AS coe_flag,
        
          
SAFE_CAST(
  CASE
    WHEN SAFE_CAST(dass_flag AS STRING) = '*' THEN '0'
    ELSE CAST(dass_flag AS STRING)
  END AS STRING
)
 AS dass_flag,
        
          
SAFE_CAST(
  CASE
    WHEN SAFE_CAST(studentgroup AS STRING) = '*' THEN '0'
    ELSE CAST(studentgroup AS STRING)
  END AS STRING
)
 AS studentgroup,
        
          
SAFE_CAST(
  CASE
    WHEN SAFE_CAST(currdenom AS STRING) = '*' THEN '0'
    ELSE CAST(currdenom AS STRING)
  END AS STRING
)
 AS currdenom,
        
          
SAFE_CAST(
  CASE
    WHEN SAFE_CAST(currstatus AS STRING) = '*' THEN '0'
    ELSE CAST(currstatus AS STRING)
  END AS STRING
)
 AS currstatus,
        
          
SAFE_CAST(
  CASE
    WHEN SAFE_CAST(priordenom AS STRING) = '*' THEN '0'
    ELSE CAST(priordenom AS STRING)
  END AS STRING
)
 AS priordenom,
        
          
SAFE_CAST(
  CASE
    WHEN SAFE_CAST(priorstatus AS STRING) = '*' THEN '0'
    ELSE CAST(priorstatus AS STRING)
  END AS STRING
)
 AS priorstatus,
        
          
SAFE_CAST(
  CASE
    WHEN SAFE_CAST(change AS STRING) = '*' THEN '0'
    ELSE CAST(change AS STRING)
  END AS STRING
)
 AS change,
        
          
SAFE_CAST(
  CASE
    WHEN SAFE_CAST(statuslevel AS STRING) = '*' THEN '0'
    ELSE CAST(statuslevel AS STRING)
  END AS STRING
)
 AS statuslevel,
        
          
SAFE_CAST(
  CASE
    WHEN SAFE_CAST(changelevel AS STRING) = '*' THEN '0'
    ELSE CAST(changelevel AS STRING)
  END AS STRING
)
 AS changelevel,
        
          
SAFE_CAST(
  CASE
    WHEN SAFE_CAST(color AS STRING) = '*' THEN '0'
    ELSE CAST(color AS STRING)
  END AS STRING
)
 AS color,
        
          
SAFE_CAST(
  CASE
    WHEN SAFE_CAST(box AS STRING) = '*' THEN '0'
    ELSE CAST(box AS STRING)
  END AS STRING
)
 AS box,
        
          
SAFE_CAST(
  CASE
    WHEN SAFE_CAST(currnsizemet AS STRING) = '*' THEN '0'
    ELSE CAST(currnsizemet AS STRING)
  END AS STRING
)
 AS currnsizemet,
        
          
SAFE_CAST(
  CASE
    WHEN SAFE_CAST(priornsizemet AS STRING) = '*' THEN '0'
    ELSE CAST(priornsizemet AS STRING)
  END AS STRING
)
 AS priornsizemet,
        
          
SAFE_CAST(
  CASE
    WHEN SAFE_CAST(accountabilitymet AS STRING) = '*' THEN '0'
    ELSE CAST(accountabilitymet AS STRING)
  END AS STRING
)
 AS accountabilitymet,
        
          
SAFE_CAST(
  CASE
    WHEN SAFE_CAST(hscutpoints AS STRING) = '*' THEN '0'
    ELSE CAST(hscutpoints AS STRING)
  END AS STRING
)
 AS hscutpoints,
        
          
SAFE_CAST(
  CASE
    WHEN SAFE_CAST(pairshare_method AS STRING) = '*' THEN '0'
    ELSE CAST(pairshare_method AS STRING)
  END AS STRING
)
 AS pairshare_method,
        
          
SAFE_CAST(
  CASE
    WHEN SAFE_CAST(currprate_enrolled AS STRING) = '*' THEN '0'
    ELSE CAST(currprate_enrolled AS STRING)
  END AS STRING
)
 AS currprate_enrolled,
        
          
SAFE_CAST(
  CASE
    WHEN SAFE_CAST(currprate_tested AS STRING) = '*' THEN '0'
    ELSE CAST(currprate_tested AS STRING)
  END AS STRING
)
 AS currprate_tested,
        
          
SAFE_CAST(
  CASE
    WHEN SAFE_CAST(currprate AS STRING) = '*' THEN '0'
    ELSE CAST(currprate AS STRING)
  END AS STRING
)
 AS currprate,
        
          
SAFE_CAST(
  CASE
    WHEN SAFE_CAST(currnumPRLOSS AS STRING) = '*' THEN '0'
    ELSE CAST(currnumPRLOSS AS STRING)
  END AS STRING
)
 AS currnumPRLOSS,
        
          
SAFE_CAST(
  CASE
    WHEN SAFE_CAST(currdenom_withoutPRLOSS AS STRING) = '*' THEN '0'
    ELSE CAST(currdenom_withoutPRLOSS AS STRING)
  END AS STRING
)
 AS currdenom_withoutPRLOSS,
        
          
SAFE_CAST(
  CASE
    WHEN SAFE_CAST(currstatus_withoutPRLOSS AS STRING) = '*' THEN '0'
    ELSE CAST(currstatus_withoutPRLOSS AS STRING)
  END AS STRING
)
 AS currstatus_withoutPRLOSS,
        
          
SAFE_CAST(
  CASE
    WHEN SAFE_CAST(priorprate_enrolled AS STRING) = '*' THEN '0'
    ELSE CAST(priorprate_enrolled AS STRING)
  END AS STRING
)
 AS priorprate_enrolled,
        
          
SAFE_CAST(
  CASE
    WHEN SAFE_CAST(priorprate_tested AS STRING) = '*' THEN '0'
    ELSE CAST(priorprate_tested AS STRING)
  END AS STRING
)
 AS priorprate_tested,
        
          
SAFE_CAST(
  CASE
    WHEN SAFE_CAST(priorprate AS STRING) = '*' THEN '0'
    ELSE CAST(priorprate AS STRING)
  END AS STRING
)
 AS priorprate,
        
          
SAFE_CAST(
  CASE
    WHEN SAFE_CAST(priornumPRLOSS AS STRING) = '*' THEN '0'
    ELSE CAST(priornumPRLOSS AS STRING)
  END AS STRING
)
 AS priornumPRLOSS,
        
          
SAFE_CAST(
  CASE
    WHEN SAFE_CAST(priordenom_withoutPRLOSS AS STRING) = '*' THEN '0'
    ELSE CAST(priordenom_withoutPRLOSS AS STRING)
  END AS STRING
)
 AS priordenom_withoutPRLOSS,
        
          
SAFE_CAST(
  CASE
    WHEN SAFE_CAST(priorstatus_withoutPRLOSS AS STRING) = '*' THEN '0'
    ELSE CAST(priorstatus_withoutPRLOSS AS STRING)
  END AS STRING
)
 AS priorstatus_withoutPRLOSS,
        
          
SAFE_CAST(
  CASE
    WHEN SAFE_CAST(indicator AS STRING) = '*' THEN '0'
    ELSE CAST(indicator AS STRING)
  END AS STRING
)
 AS indicator,
        
          
SAFE_CAST(
  CASE
    WHEN SAFE_CAST(reportingyear AS STRING) = '*' THEN '0'
    ELSE CAST(reportingyear AS STRING)
  END AS STRING
)
 AS reportingyear
        
    FROM
        `dvp-np-sandbox-b8d0`.`raw_us`.`eladownload2023`
)
SELECT
    *,
    
  STRUCT(current_datetime() AS updated_at, current_datetime() AS created_at, ABS(
    farm_fingerprint(safe_cast(TO_JSON_STRING(raw_ela) AS STRING))
  ) AS hash_key, 1 AS version, TRUE AS is_active) AS _dvp_metadata

FROM
    raw_ela
    );
  
[0m17:30:09.594179 [debug] [Thread-1 (]: BigQuery adapter: https://console.cloud.google.com/bigquery?project=dvp-np-sandbox-b8d0&j=bq:US:da766be8-f324-44f9-b53f-56ddf6f2e6a1&page=queryresults
[0m17:30:10.612840 [debug] [Thread-2 (]: BigQuery adapter: https://console.cloud.google.com/bigquery?project=dvp-np-sandbox-b8d0&j=bq:US:cf27bd73-9c22-49fa-87dd-015768df85a2&page=queryresults
[0m17:30:19.080091 [debug] [Thread-2 (]: Timing info for model.seeder_project_tmpl.academic_indicators_ela (execute): 17:30:05.162681 => 17:30:19.079785
[0m17:30:19.082955 [debug] [Thread-3 (]: Timing info for model.seeder_project_tmpl.assessments_sbac (execute): 17:30:05.198389 => 17:30:19.082735
[0m17:30:19.084020 [debug] [Thread-2 (]: Sending event: {'category': 'dbt', 'action': 'run_model', 'label': 'c5cefabb-4281-4a15-b22c-34ace98ee4e7', 'context': [<snowplow_tracker.self_describing_json.SelfDescribingJson object at 0x12ebdc110>]}
[0m17:30:19.084723 [debug] [Thread-3 (]: Sending event: {'category': 'dbt', 'action': 'run_model', 'label': 'c5cefabb-4281-4a15-b22c-34ace98ee4e7', 'context': [<snowplow_tracker.self_describing_json.SelfDescribingJson object at 0x12eb29610>]}
[0m17:30:19.085418 [info ] [Thread-2 (]: 2 of 3 OK created sql incremental model staging_us.academic_indicators_ela ..... [[32mCREATE TABLE (169.4k rows, 35.3 MiB processed)[0m in 13.95s]
[0m17:30:19.085935 [info ] [Thread-3 (]: 3 of 3 OK created sql incremental model staging_us.assessments_sbac ............ [[32mCREATE TABLE (4.1m rows, 650.0 MiB processed)[0m in 13.95s]
[0m17:30:19.086498 [debug] [Thread-2 (]: Finished running node model.seeder_project_tmpl.academic_indicators_ela
[0m17:30:19.086985 [debug] [Thread-3 (]: Finished running node model.seeder_project_tmpl.assessments_sbac
[0m17:30:24.839371 [debug] [Thread-1 (]: Timing info for model.seeder_project_tmpl.academic_graduation_rate (execute): 17:30:05.200613 => 17:30:24.838793
[0m17:30:24.841657 [debug] [Thread-1 (]: Sending event: {'category': 'dbt', 'action': 'run_model', 'label': 'c5cefabb-4281-4a15-b22c-34ace98ee4e7', 'context': [<snowplow_tracker.self_describing_json.SelfDescribingJson object at 0x12e91ee50>]}
[0m17:30:24.842950 [info ] [Thread-1 (]: 1 of 3 OK created sql incremental model staging_us.academic_graduation_rate .... [[32mCREATE TABLE (114.0k rows, 19.2 MiB processed)[0m in 19.70s]
[0m17:30:24.844695 [debug] [Thread-1 (]: Finished running node model.seeder_project_tmpl.academic_graduation_rate
[0m17:30:24.854571 [debug] [MainThread]: Connection 'master' was properly closed.
[0m17:30:24.856722 [debug] [MainThread]: Connection 'model.seeder_project_tmpl.academic_graduation_rate' was properly closed.
[0m17:30:24.857511 [debug] [MainThread]: Connection 'model.seeder_project_tmpl.academic_indicators_ela' was properly closed.
[0m17:30:24.857958 [debug] [MainThread]: Connection 'model.seeder_project_tmpl.assessments_sbac' was properly closed.
[0m17:30:24.858800 [info ] [MainThread]: 
[0m17:30:24.859618 [info ] [MainThread]: Finished running 3 incremental models in 0 hours 0 minutes and 28.91 seconds (28.91s).
[0m17:30:24.861440 [debug] [MainThread]: Command end result
[0m17:30:24.884612 [info ] [MainThread]: 
[0m17:30:24.885184 [info ] [MainThread]: [32mCompleted successfully[0m
[0m17:30:24.885498 [info ] [MainThread]: 
[0m17:30:24.885836 [info ] [MainThread]: Done. PASS=3 WARN=0 ERROR=0 SKIP=0 TOTAL=3
[0m17:30:24.886427 [debug] [MainThread]: Resource report: {"command_name": "run", "command_success": true, "command_wall_clock_time": 29.84706, "process_user_time": 3.111017, "process_kernel_time": 1.214305, "process_mem_max_rss": "228540416", "process_in_blocks": "0", "process_out_blocks": "0"}
[0m17:30:24.887300 [debug] [MainThread]: Command `dbt run` succeeded at 17:30:24.887030 after 29.85 seconds
[0m17:30:24.887930 [debug] [MainThread]: Sending event: {'category': 'dbt', 'action': 'invocation', 'label': 'end', 'context': [<snowplow_tracker.self_describing_json.SelfDescribingJson object at 0x107eaf590>, <snowplow_tracker.self_describing_json.SelfDescribingJson object at 0x108838110>, <snowplow_tracker.self_describing_json.SelfDescribingJson object at 0x108831010>]}
[0m17:30:24.888388 [debug] [MainThread]: Flushing usage events
